2015-01-01 17:10:16,503  WARN [main] - ScalaProject - Project Scala-Practise has platform default sourceLevel.
2015-01-01 17:10:16,504  WARN [main] - ScalaProject - Project Scala-Practise runs on platform default installation.
2015-01-01 17:10:18,171  WARN [Worker-0] - ScalaProject - Project Scala-Practise has platform default sourceLevel.
2015-01-01 17:10:18,176  WARN [Worker-0] - ScalaProject - Project Scala-Practise runs on platform default installation.
2015-01-01 17:14:29,153  WARN [Worker-1] - ScalaProject - Project Scala-Practise has platform default sourceLevel.
2015-01-01 17:14:29,154  WARN [Worker-1] - ScalaProject - Project Scala-Practise runs on platform default installation.
2015-01-01 17:15:47,112 ERROR [org.eclipse.jface.text.reconciler.MonoReconciler] - System.err - Exception in thread "org.eclipse.jface.text.reconciler.MonoReconciler"
2015-01-01 17:15:47,113 ERROR [org.eclipse.jface.text.reconciler.MonoReconciler] - System.err - java.lang.NullPointerException
2015-01-01 17:15:47,113 ERROR [org.eclipse.jface.text.reconciler.MonoReconciler] - System.err - at org.scalaide.ui.editor.ReconcilingStrategy.initialReconcile(ReconcilingStrategy.scala:33)
2015-01-01 17:15:47,113 ERROR [org.eclipse.jface.text.reconciler.MonoReconciler] - System.err - at org.eclipse.jface.text.reconciler.MonoReconciler.initialProcess(MonoReconciler.java:105)
2015-01-01 17:15:47,113 ERROR [org.eclipse.jface.text.reconciler.MonoReconciler] - System.err - at org.eclipse.jface.text.reconciler.AbstractReconciler$BackgroundThread.run(AbstractReconciler.java:173)
2015-01-01 17:16:57,043 ERROR [org.eclipse.jface.text.reconciler.MonoReconciler] - System.err - Exception in thread "org.eclipse.jface.text.reconciler.MonoReconciler"
2015-01-01 17:16:57,043 ERROR [org.eclipse.jface.text.reconciler.MonoReconciler] - System.err - java.lang.NullPointerException
2015-01-01 17:16:57,043 ERROR [org.eclipse.jface.text.reconciler.MonoReconciler] - System.err - at org.scalaide.worksheet.ScriptCompilationUnit$.fromEditor(ScriptCompilationUnit.scala:93)
2015-01-01 17:16:57,043 ERROR [org.eclipse.jface.text.reconciler.MonoReconciler] - System.err - at org.scalaide.worksheet.reconciler.ScalaReconcilingStrategy.org$scalaide$worksheet$reconciler$ScalaReconcilingStrategy$$scriptUnit$lzycompute(ScalaReconcilingStrategy.scala:16)
2015-01-01 17:16:57,043 ERROR [org.eclipse.jface.text.reconciler.MonoReconciler] - System.err - at org.scalaide.worksheet.reconciler.ScalaReconcilingStrategy.org$scalaide$worksheet$reconciler$ScalaReconcilingStrategy$$scriptUnit(ScalaReconcilingStrategy.scala:16)
2015-01-01 17:16:57,043 ERROR [org.eclipse.jface.text.reconciler.MonoReconciler] - System.err - at org.scalaide.worksheet.reconciler.ScalaReconcilingStrategy.initialReconcile(ScalaReconcilingStrategy.scala:46)
2015-01-01 17:16:57,043 ERROR [org.eclipse.jface.text.reconciler.MonoReconciler] - System.err - at org.eclipse.jface.text.reconciler.MonoReconciler.initialProcess(MonoReconciler.java:105)
2015-01-01 17:16:57,043 ERROR [org.eclipse.jface.text.reconciler.MonoReconciler] - System.err - at org.eclipse.jface.text.reconciler.AbstractReconciler$BackgroundThread.run(AbstractReconciler.java:173)
2015-01-03 18:21:17,021  WARN [main] - ScalaProject - Project Scala-Practise has platform default sourceLevel.
2015-01-03 18:21:17,022  WARN [main] - ScalaProject - Project Scala-Practise runs on platform default installation.
2015-01-04 21:56:14,659  WARN [Worker-0] - ScalaProject - Project Scala-Practise has platform default sourceLevel.
2015-01-04 21:56:14,660  WARN [Worker-0] - ScalaProject - Project Scala-Practise runs on platform default installation.
2015-01-04 22:07:10,591  WARN [Worker-1] - ScalaProject - Project Scala-Practise has platform default sourceLevel.
2015-01-04 22:07:10,592  WARN [Worker-1] - ScalaProject - Project Scala-Practise runs on platform default installation.
2015-01-04 22:19:02,060  WARN [Worker-2] - ScalaProject - Project Scala-Practise has platform default sourceLevel.
2015-01-04 22:19:02,060  WARN [Worker-2] - ScalaProject - Project Scala-Practise runs on platform default installation.
2015-01-04 22:20:10,624 ERROR [main] - org.scala-ide.sdt.core - org.scala-ide.sdt.core - org.scala-ide.sdt.core - 0 - scala.reflect.internal.FatalError: package scala does not have a member Int
2015-01-04 22:20:10,680 ERROR [main] - org.scala-ide.sdt.core - org.scala-ide.sdt.core - org.scala-ide.sdt.core - 0 - scala.reflect.internal.FatalError: package scala does not have a member Int
2015-01-04 22:20:10,733 ERROR [main] - org.scala-ide.sdt.core - org.scala-ide.sdt.core - org.scala-ide.sdt.core - 0 - scala.reflect.internal.FatalError: package scala does not have a member Int
2015-01-04 22:20:10,779 ERROR [main] - org.scala-ide.sdt.core - org.scala-ide.sdt.core - org.scala-ide.sdt.core - 0 - scala.reflect.internal.FatalError: package scala does not have a member Int
2015-01-04 22:20:10,828 ERROR [main] - org.scala-ide.sdt.core - org.scala-ide.sdt.core - org.scala-ide.sdt.core - 0 - scala.reflect.internal.FatalError: package scala does not have a member Int
2015-01-04 22:20:35,381 ERROR [main] - org.scala-ide.sdt.core - org.scala-ide.sdt.core - org.scala-ide.sdt.core - 0 - scala.reflect.internal.FatalError: package scala does not have a member Int
2015-01-04 22:20:35,440 ERROR [main] - org.scala-ide.sdt.core - org.scala-ide.sdt.core - org.scala-ide.sdt.core - 0 - scala.reflect.internal.FatalError: package scala does not have a member Int
2015-01-04 22:20:35,519 ERROR [main] - org.scala-ide.sdt.core - org.scala-ide.sdt.core - org.scala-ide.sdt.core - 0 - scala.reflect.internal.FatalError: package scala does not have a member Int
2015-01-04 22:20:35,572 ERROR [main] - org.scala-ide.sdt.core - org.scala-ide.sdt.core - org.scala-ide.sdt.core - 0 - scala.reflect.internal.FatalError: package scala does not have a member Int
2015-01-04 22:20:35,720 ERROR [main] - org.scala-ide.sdt.core - org.scala-ide.sdt.core - org.scala-ide.sdt.core - 0 - scala.reflect.internal.FatalError: package scala does not have a member Int
2015-01-04 22:20:37,135 ERROR [main] - org.scala-ide.sdt.core - org.scala-ide.sdt.core - org.scala-ide.sdt.core - 0 - scala.reflect.internal.FatalError: package scala does not have a member Int
2015-01-04 22:20:37,201 ERROR [main] - org.scala-ide.sdt.core - org.scala-ide.sdt.core - org.scala-ide.sdt.core - 0 - scala.reflect.internal.FatalError: package scala does not have a member Int
2015-01-04 22:20:37,254 ERROR [main] - org.scala-ide.sdt.core - org.scala-ide.sdt.core - org.scala-ide.sdt.core - 0 - scala.reflect.internal.FatalError: package scala does not have a member Int
2015-01-04 22:20:37,319 ERROR [main] - org.scala-ide.sdt.core - org.scala-ide.sdt.core - org.scala-ide.sdt.core - 0 - scala.reflect.internal.FatalError: package scala does not have a member Int
2015-01-04 22:20:37,409 ERROR [main] - org.scala-ide.sdt.core - org.scala-ide.sdt.core - org.scala-ide.sdt.core - 0 - scala.reflect.internal.FatalError: package scala does not have a member Int
2015-01-04 22:21:14,096  WARN [Worker-7] - ScalaProject - Project Scala-Practise has platform default sourceLevel.
2015-01-04 22:21:14,096  WARN [Worker-7] - ScalaProject - Project Scala-Practise runs on platform default installation.
2015-01-04 22:21:55,155  WARN [Worker-6] - ScalaProject - Project Scala-Practise has platform default sourceLevel.
2015-01-04 22:21:55,155  WARN [Worker-6] - ScalaProject - Project Scala-Practise runs on platform default installation.
2015-01-04 22:22:13,558  WARN [Worker-7] - ScalaProject - Project Scala-Practise has platform default sourceLevel.
2015-01-04 22:22:13,558  WARN [Worker-7] - ScalaProject - Project Scala-Practise runs on platform default installation.
2015-01-04 22:23:33,604  WARN [Worker-3] - ScalaProject - Project Scala-Practise has platform default sourceLevel.
2015-01-04 22:23:33,604  WARN [Worker-3] - ScalaProject - Project Scala-Practise runs on platform default installation.
2015-01-04 23:21:28,773  WARN [Worker-5] - ScalaProject - Project Scala-Practise has platform default sourceLevel.
2015-01-04 23:21:28,774  WARN [Worker-5] - ScalaProject - Project Scala-Practise runs on platform default installation.
2015-01-14 13:05:22,658  WARN [Worker-4] - ScalaProject - Project Scala-Practise has platform default sourceLevel.
2015-01-14 13:05:22,659  WARN [Worker-4] - ScalaProject - Project Scala-Practise runs on platform default installation.
2015-01-14 13:05:53,398  WARN [Worker-6] - ScalaProject - Project Scala-Practise has platform default sourceLevel.
2015-01-14 13:05:53,399  WARN [Worker-6] - ScalaProject - Project Scala-Practise runs on platform default installation.
2015-01-15 14:20:18,401  WARN [Worker-0] - ScalaProject - Project Scala-Practise has platform default sourceLevel.
2015-01-15 14:20:18,403  WARN [Worker-0] - ScalaProject - Project Scala-Practise runs on platform default installation.
2015-01-15 14:20:40,349  WARN [Worker-5] - ScalaProject - Project Scala-Practise has platform default sourceLevel.
2015-01-15 14:20:40,350  WARN [Worker-5] - ScalaProject - Project Scala-Practise runs on platform default installation.
2015-01-15 14:20:41,657  WARN [Worker-5] - ScalaProject - Project Scala-Practise has platform default sourceLevel.
2015-01-15 14:20:41,657  WARN [Worker-5] - ScalaProject - Project Scala-Practise runs on platform default installation.
2015-01-15 14:21:22,291  WARN [Worker-6] - ScalaProject - Project Scala-Practise has platform default sourceLevel.
2015-01-15 14:21:22,292  WARN [Worker-6] - ScalaProject - Project Scala-Practise runs on platform default installation.
2015-01-15 14:21:27,237  WARN [Worker-6] - ScalaProject - Project Scala-Practise has platform default sourceLevel.
2015-01-15 14:21:27,237  WARN [Worker-6] - ScalaProject - Project Scala-Practise runs on platform default installation.
2015-01-15 14:22:50,185 ERROR [org.eclipse.jface.text.reconciler.MonoReconciler] - System.err - Exception in thread "org.eclipse.jface.text.reconciler.MonoReconciler"
2015-01-15 14:22:50,185 ERROR [org.eclipse.jface.text.reconciler.MonoReconciler] - System.err - java.lang.NullPointerException
2015-01-15 14:22:50,185 ERROR [org.eclipse.jface.text.reconciler.MonoReconciler] - System.err - at org.scalaide.worksheet.ScriptCompilationUnit$.fromEditor(ScriptCompilationUnit.scala:93)
2015-01-15 14:22:50,185 ERROR [org.eclipse.jface.text.reconciler.MonoReconciler] - System.err - at org.scalaide.worksheet.reconciler.ScalaReconcilingStrategy.org$scalaide$worksheet$reconciler$ScalaReconcilingStrategy$$scriptUnit$lzycompute(ScalaReconcilingStrategy.scala:16)
2015-01-15 14:22:50,185 ERROR [org.eclipse.jface.text.reconciler.MonoReconciler] - System.err - at org.scalaide.worksheet.reconciler.ScalaReconcilingStrategy.org$scalaide$worksheet$reconciler$ScalaReconcilingStrategy$$scriptUnit(ScalaReconcilingStrategy.scala:16)
2015-01-15 14:22:50,185 ERROR [org.eclipse.jface.text.reconciler.MonoReconciler] - System.err - at org.scalaide.worksheet.reconciler.ScalaReconcilingStrategy.initialReconcile(ScalaReconcilingStrategy.scala:46)
2015-01-15 14:22:50,185 ERROR [org.eclipse.jface.text.reconciler.MonoReconciler] - System.err - at org.eclipse.jface.text.reconciler.MonoReconciler.initialProcess(MonoReconciler.java:105)
2015-01-15 14:22:50,185 ERROR [org.eclipse.jface.text.reconciler.MonoReconciler] - System.err - at org.eclipse.jface.text.reconciler.AbstractReconciler$BackgroundThread.run(AbstractReconciler.java:173)
2015-01-15 14:23:32,713  WARN [Worker-4] - ScalaProject - Project Scala-Practise has platform default sourceLevel.
2015-01-15 14:23:32,714  WARN [Worker-4] - ScalaProject - Project Scala-Practise runs on platform default installation.
2015-01-15 14:25:30,668  WARN [Worker-0] - ScalaProject - Project Scala-Practise has platform default sourceLevel.
2015-01-15 14:25:30,669  WARN [Worker-0] - ScalaProject - Project Scala-Practise runs on platform default installation.
2015-01-15 14:26:30,074  WARN [Worker-5] - ScalaProject - Project Scala-Practise has platform default sourceLevel.
2015-01-15 14:26:30,075  WARN [Worker-5] - ScalaProject - Project Scala-Practise runs on platform default installation.
2015-01-15 14:26:33,758  WARN [Worker-1] - ScalaProject - Project Scala-Practise has platform default sourceLevel.
2015-01-15 14:26:33,758  WARN [Worker-1] - ScalaProject - Project Scala-Practise runs on platform default installation.
2015-01-15 14:27:08,412  WARN [Worker-4] - ScalaProject - Project Scala-Practise has platform default sourceLevel.
2015-01-15 14:27:08,412  WARN [Worker-4] - ScalaProject - Project Scala-Practise runs on platform default installation.
2015-01-15 14:27:13,722  WARN [Worker-3] - ScalaProject - Project Scala-Practise has platform default sourceLevel.
2015-01-15 14:27:13,723  WARN [Worker-3] - ScalaProject - Project Scala-Practise runs on platform default installation.
2015-01-15 14:28:08,778  WARN [Worker-4] - ScalaProject - Project Scala-Practise has platform default sourceLevel.
2015-01-15 14:28:08,778  WARN [Worker-4] - ScalaProject - Project Scala-Practise runs on platform default installation.
2015-01-15 14:28:16,470  WARN [Worker-4] - ScalaProject - Project Scala-Practise has platform default sourceLevel.
2015-01-15 14:28:16,470  WARN [Worker-4] - ScalaProject - Project Scala-Practise runs on platform default installation.
2015-01-15 14:28:21,309  WARN [Worker-1] - ScalaProject - Project Scala-Practise has platform default sourceLevel.
2015-01-15 14:28:21,309  WARN [Worker-1] - ScalaProject - Project Scala-Practise runs on platform default installation.
2015-01-15 14:28:57,074  WARN [Worker-1] - ScalaProject - Project Scala-Practise has platform default sourceLevel.
2015-01-15 14:28:57,074  WARN [Worker-1] - ScalaProject - Project Scala-Practise runs on platform default installation.
2015-01-15 14:28:59,272  WARN [Worker-4] - ScalaProject - Project Scala-Practise has platform default sourceLevel.
2015-01-15 14:28:59,272  WARN [Worker-4] - ScalaProject - Project Scala-Practise runs on platform default installation.
2015-01-15 14:29:05,540  WARN [Worker-3] - ScalaProject - Project Scala-Practise has platform default sourceLevel.
2015-01-15 14:29:05,541  WARN [Worker-3] - ScalaProject - Project Scala-Practise runs on platform default installation.
2015-01-15 14:29:20,879  WARN [Worker-6] - ScalaProject - Project Scala-Practise has platform default sourceLevel.
2015-01-15 14:29:20,879  WARN [Worker-6] - ScalaProject - Project Scala-Practise runs on platform default installation.
2015-01-15 14:29:43,006  WARN [Worker-4] - ScalaProject - Project Scala-Practise has platform default sourceLevel.
2015-01-15 14:29:43,007  WARN [Worker-4] - ScalaProject - Project Scala-Practise runs on platform default installation.
2015-01-15 14:29:47,517  WARN [Worker-5] - ScalaProject - Project Scala-Practise has platform default sourceLevel.
2015-01-15 14:29:47,517  WARN [Worker-5] - ScalaProject - Project Scala-Practise runs on platform default installation.
2015-01-15 14:30:33,713  WARN [Worker-6] - ScalaProject - Project Scala-Practise has platform default sourceLevel.
2015-01-15 14:30:33,715  WARN [Worker-6] - ScalaProject - Project Scala-Practise runs on platform default installation.
2015-01-15 14:31:24,983  WARN [Worker-8] - ScalaProject - Project Scala-Practise has platform default sourceLevel.
2015-01-15 14:31:24,984  WARN [Worker-8] - ScalaProject - Project Scala-Practise runs on platform default installation.
2015-01-15 14:32:21,171  WARN [Worker-5] - ScalaProject - Project Scala-Practise has platform default sourceLevel.
2015-01-15 14:32:21,173  WARN [Worker-5] - ScalaProject - Project Scala-Practise runs on platform default installation.
2015-01-15 14:32:24,655  WARN [Worker-6] - ScalaProject - Project Scala-Practise has platform default sourceLevel.
2015-01-15 14:32:24,655  WARN [Worker-6] - ScalaProject - Project Scala-Practise runs on platform default installation.
2015-01-15 14:36:25,882  WARN [Worker-2] - ScalaProject - Project Scala-Practise has platform default sourceLevel.
2015-01-15 14:36:25,884  WARN [Worker-2] - ScalaProject - Project Scala-Practise runs on platform default installation.
2015-01-15 14:36:49,502  WARN [Worker-0] - ScalaProject - Project Scala-Practise has platform default sourceLevel.
2015-01-15 14:36:49,502  WARN [Worker-0] - ScalaProject - Project Scala-Practise runs on platform default installation.
2015-01-15 14:36:56,618  WARN [Worker-0] - ScalaProject - Project Scala-Practise has platform default sourceLevel.
2015-01-15 14:36:56,619  WARN [Worker-0] - ScalaProject - Project Scala-Practise runs on platform default installation.
2015-01-15 14:37:08,614  WARN [Worker-7] - ScalaProject - Project Scala-Practise has platform default sourceLevel.
2015-01-15 14:37:08,614  WARN [Worker-7] - ScalaProject - Project Scala-Practise runs on platform default installation.
2015-01-15 14:37:21,432  WARN [Worker-0] - ScalaProject - Project Scala-Practise has platform default sourceLevel.
2015-01-15 14:37:21,432  WARN [Worker-0] - ScalaProject - Project Scala-Practise runs on platform default installation.
2015-01-15 14:37:53,898  WARN [Worker-6] - ScalaProject - Project Scala-Practise has platform default sourceLevel.
2015-01-15 14:37:53,898  WARN [Worker-6] - ScalaProject - Project Scala-Practise runs on platform default installation.
2015-01-15 14:42:22,371  WARN [Worker-4] - ScalaProject - Project Scala-Practise has platform default sourceLevel.
2015-01-15 14:42:22,371  WARN [Worker-4] - ScalaProject - Project Scala-Practise runs on platform default installation.
2015-01-15 14:42:59,175  WARN [Worker-8] - ScalaProject - Project Scala-Practise has platform default sourceLevel.
2015-01-15 14:42:59,175  WARN [Worker-8] - ScalaProject - Project Scala-Practise runs on platform default installation.
2015-01-15 14:43:08,447  WARN [Worker-4] - ScalaProject - Project Scala-Practise has platform default sourceLevel.
2015-01-15 14:43:08,447  WARN [Worker-4] - ScalaProject - Project Scala-Practise runs on platform default installation.
2015-01-15 14:43:31,452  WARN [Worker-4] - ScalaProject - Project Scala-Practise has platform default sourceLevel.
2015-01-15 14:43:31,452  WARN [Worker-4] - ScalaProject - Project Scala-Practise runs on platform default installation.
2015-01-15 14:43:37,750  WARN [Worker-7] - ScalaProject - Project Scala-Practise has platform default sourceLevel.
2015-01-15 14:43:37,751  WARN [Worker-7] - ScalaProject - Project Scala-Practise runs on platform default installation.
2015-01-15 14:43:40,819  WARN [Worker-6] - ScalaProject - Project Scala-Practise has platform default sourceLevel.
2015-01-15 14:43:40,819  WARN [Worker-6] - ScalaProject - Project Scala-Practise runs on platform default installation.
2015-01-15 14:43:44,049  WARN [Worker-11] - ScalaProject - Project Scala-Practise has platform default sourceLevel.
2015-01-15 14:43:44,049  WARN [Worker-11] - ScalaProject - Project Scala-Practise runs on platform default installation.
2015-01-15 14:44:43,756  WARN [Worker-4] - ScalaProject - Project Scala-Practise has platform default sourceLevel.
2015-01-15 14:44:43,757  WARN [Worker-4] - ScalaProject - Project Scala-Practise runs on platform default installation.
2015-01-15 14:44:46,087  WARN [Worker-8] - ScalaProject - Project Scala-Practise has platform default sourceLevel.
2015-01-15 14:44:46,088  WARN [Worker-8] - ScalaProject - Project Scala-Practise runs on platform default installation.
2015-01-15 14:45:23,911  WARN [Worker-4] - ScalaProject - Project Scala-Practise has platform default sourceLevel.
2015-01-15 14:45:23,912  WARN [Worker-4] - ScalaProject - Project Scala-Practise runs on platform default installation.
2015-01-15 14:45:34,824  WARN [Worker-6] - ScalaProject - Project Scala-Practise has platform default sourceLevel.
2015-01-15 14:45:34,825  WARN [Worker-6] - ScalaProject - Project Scala-Practise runs on platform default installation.
2015-01-15 14:46:14,818  WARN [Worker-9] - ScalaProject - Project Scala-Practise has platform default sourceLevel.
2015-01-15 14:46:14,819  WARN [Worker-9] - ScalaProject - Project Scala-Practise runs on platform default installation.
2015-01-15 14:46:24,994  WARN [Worker-0] - ScalaProject - Project Scala-Practise has platform default sourceLevel.
2015-01-15 14:46:24,994  WARN [Worker-0] - ScalaProject - Project Scala-Practise runs on platform default installation.
2015-01-15 14:46:45,354  WARN [Worker-6] - ScalaProject - Project Scala-Practise has platform default sourceLevel.
2015-01-15 14:46:45,354  WARN [Worker-6] - ScalaProject - Project Scala-Practise runs on platform default installation.
2015-01-15 14:47:10,304  WARN [Worker-11] - ScalaProject - Project Scala-Practise has platform default sourceLevel.
2015-01-15 14:47:10,304  WARN [Worker-11] - ScalaProject - Project Scala-Practise runs on platform default installation.
2015-01-15 14:47:34,385  WARN [Worker-6] - ScalaProject - Project Scala-Practise has platform default sourceLevel.
2015-01-15 14:47:34,386  WARN [Worker-6] - ScalaProject - Project Scala-Practise runs on platform default installation.
2015-01-15 14:47:44,269  WARN [Worker-0] - ScalaProject - Project Scala-Practise has platform default sourceLevel.
2015-01-15 14:47:44,269  WARN [Worker-0] - ScalaProject - Project Scala-Practise runs on platform default installation.
2015-01-15 14:48:04,460  WARN [Worker-9] - ScalaProject - Project Scala-Practise has platform default sourceLevel.
2015-01-15 14:48:04,460  WARN [Worker-9] - ScalaProject - Project Scala-Practise runs on platform default installation.
2015-01-15 14:48:37,535  WARN [Worker-10] - ScalaProject - Project Scala-Practise has platform default sourceLevel.
2015-01-15 14:48:37,536  WARN [Worker-10] - ScalaProject - Project Scala-Practise runs on platform default installation.
2015-01-15 14:48:41,959  WARN [Worker-9] - ScalaProject - Project Scala-Practise has platform default sourceLevel.
2015-01-15 14:48:41,959  WARN [Worker-9] - ScalaProject - Project Scala-Practise runs on platform default installation.
2015-01-15 14:48:47,059  WARN [Worker-0] - ScalaProject - Project Scala-Practise has platform default sourceLevel.
2015-01-15 14:48:47,059  WARN [Worker-0] - ScalaProject - Project Scala-Practise runs on platform default installation.
2015-01-15 14:50:48,606  WARN [Worker-9] - ScalaProject - Project Scala-Practise has platform default sourceLevel.
2015-01-15 14:50:48,607  WARN [Worker-9] - ScalaProject - Project Scala-Practise runs on platform default installation.
2015-01-15 14:50:55,687  WARN [Worker-1] - ScalaProject - Project Scala-Practise has platform default sourceLevel.
2015-01-15 14:50:55,687  WARN [Worker-1] - ScalaProject - Project Scala-Practise runs on platform default installation.
2015-01-15 14:51:27,851  WARN [Worker-4] - ScalaProject - Project Scala-Practise has platform default sourceLevel.
2015-01-15 14:51:27,851  WARN [Worker-4] - ScalaProject - Project Scala-Practise runs on platform default installation.
2015-01-15 14:51:45,453  WARN [Worker-10] - ScalaProject - Project Scala-Practise has platform default sourceLevel.
2015-01-15 14:51:45,453  WARN [Worker-10] - ScalaProject - Project Scala-Practise runs on platform default installation.
2015-01-15 14:53:58,778  WARN [Worker-1] - ScalaProject - Project Scala-Practise has platform default sourceLevel.
2015-01-15 14:53:58,779  WARN [Worker-1] - ScalaProject - Project Scala-Practise runs on platform default installation.
2015-01-15 14:54:27,799  WARN [Worker-0] - ScalaProject - Project Scala-Practise has platform default sourceLevel.
2015-01-15 14:54:27,799  WARN [Worker-0] - ScalaProject - Project Scala-Practise runs on platform default installation.
2015-01-15 14:54:47,592  WARN [Worker-4] - ScalaProject - Project Scala-Practise has platform default sourceLevel.
2015-01-15 14:54:47,593  WARN [Worker-4] - ScalaProject - Project Scala-Practise runs on platform default installation.
2015-01-15 14:54:51,572  WARN [Worker-6] - ScalaProject - Project Scala-Practise has platform default sourceLevel.
2015-01-15 14:54:51,572  WARN [Worker-6] - ScalaProject - Project Scala-Practise runs on platform default installation.
2015-01-15 14:54:57,226  WARN [Worker-9] - ScalaProject - Project Scala-Practise has platform default sourceLevel.
2015-01-15 14:54:57,226  WARN [Worker-9] - ScalaProject - Project Scala-Practise runs on platform default installation.
2015-01-15 14:55:29,696 ERROR [Text Viewer Hover Presenter] - IScalaPresentationCompiler$ - Ignoring InterruptException
2015-01-15 14:55:29,696 ERROR [Text Viewer Hover Presenter] - IScalaPresentationCompiler$ - Ignoring InterruptException
2015-01-15 14:55:29,696 ERROR [Text Viewer Hover Presenter] - IScalaPresentationCompiler$ - Ignoring InterruptException
2015-01-15 14:55:34,008  WARN [Worker-9] - ScalaProject - Project Scala-Practise has platform default sourceLevel.
2015-01-15 14:55:34,008  WARN [Worker-9] - ScalaProject - Project Scala-Practise runs on platform default installation.
2015-01-15 14:55:36,146  WARN [Worker-7] - ScalaProject - Project Scala-Practise has platform default sourceLevel.
2015-01-15 14:55:36,147  WARN [Worker-7] - ScalaProject - Project Scala-Practise runs on platform default installation.
2015-01-15 14:55:58,450  WARN [Worker-8] - ScalaProject - Project Scala-Practise has platform default sourceLevel.
2015-01-15 14:55:58,450  WARN [Worker-8] - ScalaProject - Project Scala-Practise runs on platform default installation.
2015-01-15 14:56:55,425  WARN [Worker-10] - ScalaProject - Project Scala-Practise has platform default sourceLevel.
2015-01-15 14:56:55,426  WARN [Worker-10] - ScalaProject - Project Scala-Practise runs on platform default installation.
2015-01-15 14:57:07,221  WARN [Worker-7] - ScalaProject - Project Scala-Practise has platform default sourceLevel.
2015-01-15 14:57:07,221  WARN [Worker-7] - ScalaProject - Project Scala-Practise runs on platform default installation.
2015-01-15 15:03:40,700  WARN [Worker-8] - ScalaProject - Project Scala-Practise has platform default sourceLevel.
2015-01-15 15:03:40,701  WARN [Worker-8] - ScalaProject - Project Scala-Practise runs on platform default installation.
2015-01-15 15:03:46,941  WARN [Worker-9] - ScalaProject - Project Scala-Practise has platform default sourceLevel.
2015-01-15 15:03:46,941  WARN [Worker-9] - ScalaProject - Project Scala-Practise runs on platform default installation.
2015-01-15 15:03:57,126  WARN [Worker-7] - ScalaProject - Project Scala-Practise has platform default sourceLevel.
2015-01-15 15:03:57,127  WARN [Worker-7] - ScalaProject - Project Scala-Practise runs on platform default installation.
2015-01-15 15:04:27,975  WARN [Worker-10] - ScalaProject - Project Scala-Practise has platform default sourceLevel.
2015-01-15 15:04:27,976  WARN [Worker-10] - ScalaProject - Project Scala-Practise runs on platform default installation.
2015-01-15 15:05:04,238  WARN [Worker-1] - ScalaProject - Project Scala-Practise has platform default sourceLevel.
2015-01-15 15:05:04,238  WARN [Worker-1] - ScalaProject - Project Scala-Practise runs on platform default installation.
2015-01-15 15:05:12,202  WARN [Worker-9] - ScalaProject - Project Scala-Practise has platform default sourceLevel.
2015-01-15 15:05:12,202  WARN [Worker-9] - ScalaProject - Project Scala-Practise runs on platform default installation.
2015-01-15 15:05:29,355 ERROR [main] - org.scala-ide.sdt.core - org.scala-ide.sdt.core - org.scala-ide.sdt.core - 0 - Throwable during asyncExec
java.lang.NullPointerException
	at scala.reflect.internal.Definitions$DefinitionsClass.isByNameParamType(Definitions.scala:377)
	at scala.reflect.internal.TreeInfo.isStableIdent(TreeInfo.scala:130)
	at scala.reflect.internal.TreeInfo.isStableIdentifier(TreeInfo.scala:105)
	at scala.reflect.internal.TreeInfo.isPath(TreeInfo.scala:95)
	at scala.reflect.internal.TreeInfo.admitsTypeSelection(TreeInfo.scala:147)
	at scala.tools.nsc.interactive.Global.stabilizedType(Global.scala:950)
	at scala.tools.nsc.interactive.Global.scala$tools$nsc$interactive$Global$$typedTreeAt(Global.scala:799)
	at scala.tools.nsc.interactive.Global$$anonfun$getTypedTreeAt$1.apply(Global.scala:829)
	at scala.tools.nsc.interactive.Global$$anonfun$getTypedTreeAt$1.apply(Global.scala:829)
	at scala.tools.nsc.interactive.Global$$anonfun$respond$1.apply(Global.scala:688)
	at scala.tools.nsc.interactive.Global$$anonfun$respond$1.apply(Global.scala:688)
	at scala.tools.nsc.interactive.Global.respondGradually(Global.scala:695)
	at scala.tools.nsc.interactive.Global.respond(Global.scala:688)
	at scala.tools.nsc.interactive.Global.getTypedTreeAt(Global.scala:829)
	at scala.tools.nsc.interactive.CompilerControl$AskTypeAtItem.apply$mcV$sp(CompilerControl.scala:326)
	at scala.tools.nsc.interactive.Global$$anonfun$pollForWork$1.apply$mcV$sp(Global.scala:493)
	at scala.util.control.Breaks.breakable(Breaks.scala:38)
	at scala.tools.nsc.interactive.Global.pollForWork(Global.scala:418)
	at scala.tools.nsc.interactive.Global.checkForMoreWork(Global.scala:507)
	at scala.tools.nsc.interactive.Global.signalParseProgress(Global.scala:318)
	at scala.tools.nsc.ast.parser.Parsers$Parser.funDefRest(Parsers.scala:2619)
	at scala.tools.nsc.ast.parser.Parsers$Parser.funDefOrDcl(Parsers.scala:2576)
	at scala.tools.nsc.ast.parser.Parsers$Parser.defOrDcl(Parsers.scala:2461)
	at scala.tools.nsc.ast.parser.Parsers$Parser.nonLocalDefOrDcl(Parsers.scala:2473)
	at scala.tools.nsc.ast.parser.Parsers$Parser$$anonfun$templateStat$1$$anonfun$applyOrElse$3.apply(Parsers.scala:3030)
	at scala.tools.nsc.ast.parser.Parsers$Parser$$anonfun$templateStat$1$$anonfun$applyOrElse$3.apply(Parsers.scala:3030)
	at scala.tools.nsc.doc.ScaladocSyntaxAnalyzer$ScaladocUnitParser.joinComment(ScaladocAnalyzer.scala:259)
	at scala.tools.nsc.ast.parser.Parsers$Parser$$anonfun$templateStat$1.applyOrElse(Parsers.scala:3030)
	at scala.tools.nsc.ast.parser.Parsers$Parser$$anonfun$templateStat$1.applyOrElse(Parsers.scala:3025)
	at scala.tools.nsc.ast.parser.Parsers$Parser.statSeq(Parsers.scala:2957)
	at scala.tools.nsc.ast.parser.Parsers$Parser.templateStats(Parsers.scala:3024)
	at scala.tools.nsc.ast.parser.Parsers$Parser$$anonfun$templateStatSeq$1.apply(Parsers.scala:3011)
	at scala.tools.nsc.ast.parser.Parsers$Parser$$anonfun$templateStatSeq$1.apply(Parsers.scala:2988)
	at scala.tools.nsc.ast.parser.Parsers$Parser.checkNoEscapingPlaceholders(Parsers.scala:462)
	at scala.tools.nsc.ast.parser.Parsers$Parser.templateStatSeq(Parsers.scala:2988)
	at scala.tools.nsc.ast.parser.Parsers$Parser.templateBody(Parsers.scala:2917)
	at scala.tools.nsc.ast.parser.Parsers$Parser.templateBodyOpt(Parsers.scala:2924)
	at scala.tools.nsc.ast.parser.Parsers$Parser.templateOpt(Parsers.scala:2888)
	at scala.tools.nsc.ast.parser.Parsers$Parser.objectDef(Parsers.scala:2773)
	at scala.tools.nsc.ast.parser.Parsers$Parser.tmplDef(Parsers.scala:2712)
	at scala.tools.nsc.ast.parser.Parsers$Parser.topLevelTmplDef(Parsers.scala:2693)
	at scala.tools.nsc.ast.parser.Parsers$Parser$$anonfun$topStat$1$$anonfun$applyOrElse$2.apply(Parsers.scala:2980)
	at scala.tools.nsc.ast.parser.Parsers$Parser$$anonfun$topStat$1$$anonfun$applyOrElse$2.apply(Parsers.scala:2980)
	at scala.tools.nsc.doc.ScaladocSyntaxAnalyzer$ScaladocUnitParser.joinComment(ScaladocAnalyzer.scala:259)
	at scala.tools.nsc.ast.parser.Parsers$Parser$$anonfun$topStat$1.applyOrElse(Parsers.scala:2980)
	at scala.tools.nsc.ast.parser.Parsers$Parser$$anonfun$topStat$1.applyOrElse(Parsers.scala:2973)
	at scala.tools.nsc.ast.parser.Parsers$Parser.statSeq(Parsers.scala:2957)
	at scala.tools.nsc.ast.parser.Parsers$Parser.topStatSeq(Parsers.scala:2972)
	at scala.tools.nsc.ast.parser.Parsers$Parser$$anonfun$compilationUnit$1.topstats$1(Parsers.scala:3170)
	at scala.tools.nsc.ast.parser.Parsers$Parser$$anonfun$compilationUnit$1.topstats$1(Parsers.scala:3162)
	at scala.tools.nsc.ast.parser.Parsers$Parser$$anonfun$compilationUnit$1.apply(Parsers.scala:3176)
	at scala.tools.nsc.ast.parser.Parsers$Parser$$anonfun$compilationUnit$1.apply(Parsers.scala:3138)
	at scala.tools.nsc.ast.parser.Parsers$Parser.checkNoEscapingPlaceholders(Parsers.scala:462)
	at scala.tools.nsc.ast.parser.Parsers$Parser.compilationUnit(Parsers.scala:3138)
	at scala.tools.nsc.ast.parser.Parsers$SourceFileParser$$anonfun$parseStartRule$1.apply(Parsers.scala:146)
	at scala.tools.nsc.ast.parser.Parsers$SourceFileParser$$anonfun$parseStartRule$1.apply(Parsers.scala:146)
	at scala.tools.nsc.ast.parser.Parsers$Parser$$anonfun$parse$1.apply(Parsers.scala:352)
	at scala.tools.nsc.ast.parser.Parsers$Parser$$anonfun$parse$1.apply(Parsers.scala:352)
	at scala.tools.nsc.ast.parser.Parsers$Parser.parseRule(Parsers.scala:345)
	at scala.tools.nsc.ast.parser.Parsers$Parser.parse(Parsers.scala:352)
	at scala.tools.nsc.ast.parser.Parsers$UnitParser.smartParse(Parsers.scala:241)
	at scala.tools.nsc.ast.parser.SyntaxAnalyzer.scala$tools$nsc$ast$parser$SyntaxAnalyzer$$initialUnitBody(SyntaxAnalyzer.scala:87)
	at scala.tools.nsc.ast.parser.SyntaxAnalyzer$ParserPhase.apply(SyntaxAnalyzer.scala:99)
	at scala.tools.nsc.Global$GlobalPhase$$anonfun$applyPhase$1.apply$mcV$sp(Global.scala:428)
	at scala.tools.nsc.Global$GlobalPhase.withCurrentUnit(Global.scala:419)
	at scala.tools.nsc.Global$GlobalPhase.applyPhase(Global.scala:428)
	at scala.tools.nsc.Global$Run$$anonfun$compileLate$2$$anonfun$apply$1.apply(Global.scala:1445)
	at scala.tools.nsc.Global$Run$$anonfun$compileLate$2$$anonfun$apply$1.apply(Global.scala:1445)
	at scala.reflect.internal.SymbolTable.enteringPhase(SymbolTable.scala:235)
	at scala.tools.nsc.Global$Run$$anonfun$compileLate$2.apply(Global.scala:1445)
	at scala.tools.nsc.Global$Run$$anonfun$compileLate$2.apply(Global.scala:1444)
	at scala.collection.Iterator$class.foreach(Iterator.scala:743)
	at scala.collection.AbstractIterator.foreach(Iterator.scala:1195)
	at scala.tools.nsc.Global$Run.compileLate(Global.scala:1444)
	at scala.tools.nsc.interactive.Global.scala$tools$nsc$interactive$Global$$parseAndEnter(Global.scala:645)
	at scala.tools.nsc.interactive.Global.backgroundCompile(Global.scala:551)
	at scala.tools.nsc.interactive.PresentationCompilerThread.run(PresentationCompilerThread.scala:25)
2015-01-15 15:05:40,111  WARN [Worker-9] - ScalaProject - Project Scala-Practise has platform default sourceLevel.
2015-01-15 15:05:40,111  WARN [Worker-9] - ScalaProject - Project Scala-Practise runs on platform default installation.
2015-01-15 15:06:21,292 ERROR [main] - org.scala-ide.sdt.core - org.scala-ide.sdt.core - org.scala-ide.sdt.core - 0 - Throwable during asyncExec
java.lang.NullPointerException
	at scala.reflect.internal.Definitions$DefinitionsClass.isByNameParamType(Definitions.scala:377)
	at scala.reflect.internal.TreeInfo.isStableIdent(TreeInfo.scala:130)
	at scala.reflect.internal.TreeInfo.isStableIdentifier(TreeInfo.scala:105)
	at scala.reflect.internal.TreeInfo.isPath(TreeInfo.scala:95)
	at scala.reflect.internal.TreeInfo.admitsTypeSelection(TreeInfo.scala:147)
	at scala.tools.nsc.interactive.Global.stabilizedType(Global.scala:950)
	at scala.tools.nsc.interactive.Global.scala$tools$nsc$interactive$Global$$typedTreeAt(Global.scala:799)
	at scala.tools.nsc.interactive.Global$$anonfun$getTypedTreeAt$1.apply(Global.scala:829)
	at scala.tools.nsc.interactive.Global$$anonfun$getTypedTreeAt$1.apply(Global.scala:829)
	at scala.tools.nsc.interactive.Global$$anonfun$respond$1.apply(Global.scala:688)
	at scala.tools.nsc.interactive.Global$$anonfun$respond$1.apply(Global.scala:688)
	at scala.tools.nsc.interactive.Global.respondGradually(Global.scala:695)
	at scala.tools.nsc.interactive.Global.respond(Global.scala:688)
	at scala.tools.nsc.interactive.Global.getTypedTreeAt(Global.scala:829)
	at scala.tools.nsc.interactive.CompilerControl$AskTypeAtItem.apply$mcV$sp(CompilerControl.scala:326)
	at scala.tools.nsc.interactive.Global$$anonfun$pollForWork$1.apply$mcV$sp(Global.scala:493)
	at scala.util.control.Breaks.breakable(Breaks.scala:38)
	at scala.tools.nsc.interactive.Global.pollForWork(Global.scala:418)
	at scala.tools.nsc.interactive.Global.checkForMoreWork(Global.scala:507)
	at scala.tools.nsc.interactive.Global.signalParseProgress(Global.scala:318)
	at scala.tools.nsc.ast.parser.Parsers$Parser.funDefRest(Parsers.scala:2619)
	at scala.tools.nsc.ast.parser.Parsers$Parser.funDefOrDcl(Parsers.scala:2576)
	at scala.tools.nsc.ast.parser.Parsers$Parser.defOrDcl(Parsers.scala:2461)
	at scala.tools.nsc.ast.parser.Parsers$Parser.nonLocalDefOrDcl(Parsers.scala:2473)
	at scala.tools.nsc.ast.parser.Parsers$Parser$$anonfun$templateStat$1$$anonfun$applyOrElse$3.apply(Parsers.scala:3030)
	at scala.tools.nsc.ast.parser.Parsers$Parser$$anonfun$templateStat$1$$anonfun$applyOrElse$3.apply(Parsers.scala:3030)
	at scala.tools.nsc.doc.ScaladocSyntaxAnalyzer$ScaladocUnitParser.joinComment(ScaladocAnalyzer.scala:259)
	at scala.tools.nsc.ast.parser.Parsers$Parser$$anonfun$templateStat$1.applyOrElse(Parsers.scala:3030)
	at scala.tools.nsc.ast.parser.Parsers$Parser$$anonfun$templateStat$1.applyOrElse(Parsers.scala:3025)
	at scala.tools.nsc.ast.parser.Parsers$Parser.statSeq(Parsers.scala:2957)
	at scala.tools.nsc.ast.parser.Parsers$Parser.templateStats(Parsers.scala:3024)
	at scala.tools.nsc.ast.parser.Parsers$Parser$$anonfun$templateStatSeq$1.apply(Parsers.scala:3011)
	at scala.tools.nsc.ast.parser.Parsers$Parser$$anonfun$templateStatSeq$1.apply(Parsers.scala:2988)
	at scala.tools.nsc.ast.parser.Parsers$Parser.checkNoEscapingPlaceholders(Parsers.scala:462)
	at scala.tools.nsc.ast.parser.Parsers$Parser.templateStatSeq(Parsers.scala:2988)
	at scala.tools.nsc.ast.parser.Parsers$Parser.templateBody(Parsers.scala:2917)
	at scala.tools.nsc.ast.parser.Parsers$Parser.templateBodyOpt(Parsers.scala:2924)
	at scala.tools.nsc.ast.parser.Parsers$Parser.templateOpt(Parsers.scala:2888)
	at scala.tools.nsc.ast.parser.Parsers$Parser.objectDef(Parsers.scala:2773)
	at scala.tools.nsc.ast.parser.Parsers$Parser.tmplDef(Parsers.scala:2712)
	at scala.tools.nsc.ast.parser.Parsers$Parser.topLevelTmplDef(Parsers.scala:2693)
	at scala.tools.nsc.ast.parser.Parsers$Parser$$anonfun$topStat$1$$anonfun$applyOrElse$2.apply(Parsers.scala:2980)
	at scala.tools.nsc.ast.parser.Parsers$Parser$$anonfun$topStat$1$$anonfun$applyOrElse$2.apply(Parsers.scala:2980)
	at scala.tools.nsc.doc.ScaladocSyntaxAnalyzer$ScaladocUnitParser.joinComment(ScaladocAnalyzer.scala:259)
	at scala.tools.nsc.ast.parser.Parsers$Parser$$anonfun$topStat$1.applyOrElse(Parsers.scala:2980)
	at scala.tools.nsc.ast.parser.Parsers$Parser$$anonfun$topStat$1.applyOrElse(Parsers.scala:2973)
	at scala.tools.nsc.ast.parser.Parsers$Parser.statSeq(Parsers.scala:2957)
	at scala.tools.nsc.ast.parser.Parsers$Parser.topStatSeq(Parsers.scala:2972)
	at scala.tools.nsc.ast.parser.Parsers$Parser$$anonfun$compilationUnit$1.topstats$1(Parsers.scala:3170)
	at scala.tools.nsc.ast.parser.Parsers$Parser$$anonfun$compilationUnit$1.topstats$1(Parsers.scala:3162)
	at scala.tools.nsc.ast.parser.Parsers$Parser$$anonfun$compilationUnit$1.apply(Parsers.scala:3176)
	at scala.tools.nsc.ast.parser.Parsers$Parser$$anonfun$compilationUnit$1.apply(Parsers.scala:3138)
	at scala.tools.nsc.ast.parser.Parsers$Parser.checkNoEscapingPlaceholders(Parsers.scala:462)
	at scala.tools.nsc.ast.parser.Parsers$Parser.compilationUnit(Parsers.scala:3138)
	at scala.tools.nsc.ast.parser.Parsers$SourceFileParser$$anonfun$parseStartRule$1.apply(Parsers.scala:146)
	at scala.tools.nsc.ast.parser.Parsers$SourceFileParser$$anonfun$parseStartRule$1.apply(Parsers.scala:146)
	at scala.tools.nsc.ast.parser.Parsers$Parser$$anonfun$parse$1.apply(Parsers.scala:352)
	at scala.tools.nsc.ast.parser.Parsers$Parser$$anonfun$parse$1.apply(Parsers.scala:352)
	at scala.tools.nsc.ast.parser.Parsers$Parser.parseRule(Parsers.scala:345)
	at scala.tools.nsc.ast.parser.Parsers$Parser.parse(Parsers.scala:352)
	at scala.tools.nsc.ast.parser.Parsers$UnitParser.smartParse(Parsers.scala:241)
	at scala.tools.nsc.ast.parser.SyntaxAnalyzer.scala$tools$nsc$ast$parser$SyntaxAnalyzer$$initialUnitBody(SyntaxAnalyzer.scala:87)
	at scala.tools.nsc.ast.parser.SyntaxAnalyzer$ParserPhase.apply(SyntaxAnalyzer.scala:99)
	at scala.tools.nsc.Global$GlobalPhase$$anonfun$applyPhase$1.apply$mcV$sp(Global.scala:428)
	at scala.tools.nsc.Global$GlobalPhase.withCurrentUnit(Global.scala:419)
	at scala.tools.nsc.Global$GlobalPhase.applyPhase(Global.scala:428)
	at scala.tools.nsc.Global$Run$$anonfun$compileLate$2$$anonfun$apply$1.apply(Global.scala:1445)
	at scala.tools.nsc.Global$Run$$anonfun$compileLate$2$$anonfun$apply$1.apply(Global.scala:1445)
	at scala.reflect.internal.SymbolTable.enteringPhase(SymbolTable.scala:235)
	at scala.tools.nsc.Global$Run$$anonfun$compileLate$2.apply(Global.scala:1445)
	at scala.tools.nsc.Global$Run$$anonfun$compileLate$2.apply(Global.scala:1444)
	at scala.collection.Iterator$class.foreach(Iterator.scala:743)
	at scala.collection.AbstractIterator.foreach(Iterator.scala:1195)
	at scala.tools.nsc.Global$Run.compileLate(Global.scala:1444)
	at scala.tools.nsc.interactive.Global.scala$tools$nsc$interactive$Global$$parseAndEnter(Global.scala:645)
	at scala.tools.nsc.interactive.Global.backgroundCompile(Global.scala:551)
	at scala.tools.nsc.interactive.PresentationCompilerThread.run(PresentationCompilerThread.scala:25)
2015-01-15 15:06:29,536  WARN [Worker-6] - ScalaProject - Project Scala-Practise has platform default sourceLevel.
2015-01-15 15:06:29,536  WARN [Worker-6] - ScalaProject - Project Scala-Practise runs on platform default installation.
2015-01-15 15:06:39,200  WARN [Worker-10] - ScalaProject - Project Scala-Practise has platform default sourceLevel.
2015-01-15 15:06:39,200  WARN [Worker-10] - ScalaProject - Project Scala-Practise runs on platform default installation.
2015-01-15 15:07:02,768  WARN [Worker-8] - ScalaProject - Project Scala-Practise has platform default sourceLevel.
2015-01-15 15:07:02,768  WARN [Worker-8] - ScalaProject - Project Scala-Practise runs on platform default installation.
2015-01-15 15:07:09,537  WARN [Worker-7] - ScalaProject - Project Scala-Practise has platform default sourceLevel.
2015-01-15 15:07:09,537  WARN [Worker-7] - ScalaProject - Project Scala-Practise runs on platform default installation.
2015-01-15 15:08:06,973  WARN [Worker-1] - ScalaProject - Project Scala-Practise has platform default sourceLevel.
2015-01-15 15:08:06,973  WARN [Worker-1] - ScalaProject - Project Scala-Practise runs on platform default installation.
2015-01-15 15:08:35,439  WARN [Worker-7] - ScalaProject - Project Scala-Practise has platform default sourceLevel.
2015-01-15 15:08:35,440  WARN [Worker-7] - ScalaProject - Project Scala-Practise runs on platform default installation.
2015-01-15 15:08:42,777  WARN [Worker-4] - ScalaProject - Project Scala-Practise has platform default sourceLevel.
2015-01-15 15:08:42,777  WARN [Worker-4] - ScalaProject - Project Scala-Practise runs on platform default installation.
2015-01-15 15:09:37,796  WARN [Worker-9] - ScalaProject - Project Scala-Practise has platform default sourceLevel.
2015-01-15 15:09:37,797  WARN [Worker-9] - ScalaProject - Project Scala-Practise runs on platform default installation.
2015-01-15 15:24:54,823  WARN [Worker-7] - ScalaProject - Project Scala-Practise has platform default sourceLevel.
2015-01-15 15:24:54,824  WARN [Worker-7] - ScalaProject - Project Scala-Practise runs on platform default installation.
2015-01-15 15:25:15,053  WARN [Worker-1] - ScalaProject - Project Scala-Practise has platform default sourceLevel.
2015-01-15 15:25:15,053  WARN [Worker-1] - ScalaProject - Project Scala-Practise runs on platform default installation.
2015-01-15 15:25:32,637  WARN [Worker-9] - ScalaProject - Project Scala-Practise has platform default sourceLevel.
2015-01-15 15:25:32,637  WARN [Worker-9] - ScalaProject - Project Scala-Practise runs on platform default installation.
2015-01-15 15:25:51,522  WARN [Worker-9] - ScalaProject - Project Scala-Practise has platform default sourceLevel.
2015-01-15 15:25:51,522  WARN [Worker-9] - ScalaProject - Project Scala-Practise runs on platform default installation.
2015-01-15 15:25:54,165  WARN [Worker-8] - ScalaProject - Project Scala-Practise has platform default sourceLevel.
2015-01-15 15:25:54,165  WARN [Worker-8] - ScalaProject - Project Scala-Practise runs on platform default installation.
2015-01-15 15:25:55,692  WARN [Worker-9] - ScalaProject - Project Scala-Practise has platform default sourceLevel.
2015-01-15 15:25:55,692  WARN [Worker-9] - ScalaProject - Project Scala-Practise runs on platform default installation.
2015-01-15 15:26:02,618  WARN [Worker-8] - ScalaProject - Project Scala-Practise has platform default sourceLevel.
2015-01-15 15:26:02,618  WARN [Worker-8] - ScalaProject - Project Scala-Practise runs on platform default installation.
2015-01-15 15:26:24,265  WARN [Worker-7] - ScalaProject - Project Scala-Practise has platform default sourceLevel.
2015-01-15 15:26:24,265  WARN [Worker-7] - ScalaProject - Project Scala-Practise runs on platform default installation.
2015-01-15 15:26:55,880  WARN [Worker-8] - ScalaProject - Project Scala-Practise has platform default sourceLevel.
2015-01-15 15:26:55,881  WARN [Worker-8] - ScalaProject - Project Scala-Practise runs on platform default installation.
2015-01-15 15:27:00,050  WARN [Worker-9] - ScalaProject - Project Scala-Practise has platform default sourceLevel.
2015-01-15 15:27:00,050  WARN [Worker-9] - ScalaProject - Project Scala-Practise runs on platform default installation.
2015-01-15 15:27:03,592  WARN [Worker-4] - ScalaProject - Project Scala-Practise has platform default sourceLevel.
2015-01-15 15:27:03,593  WARN [Worker-4] - ScalaProject - Project Scala-Practise runs on platform default installation.
2015-01-15 15:29:26,203 ERROR [main] - org.scala-ide.sdt.core - org.scala-ide.sdt.core - org.scala-ide.sdt.core - 0 - Throwable during asyncExec
java.lang.NullPointerException
	at scala.reflect.internal.Definitions$DefinitionsClass.isByNameParamType(Definitions.scala:377)
	at scala.reflect.internal.TreeInfo.isStableIdent(TreeInfo.scala:130)
	at scala.reflect.internal.TreeInfo.isStableIdentifier(TreeInfo.scala:105)
	at scala.reflect.internal.TreeInfo.isPath(TreeInfo.scala:95)
	at scala.reflect.internal.TreeInfo.admitsTypeSelection(TreeInfo.scala:147)
	at scala.tools.nsc.interactive.Global.stabilizedType(Global.scala:950)
	at scala.tools.nsc.interactive.Global.scala$tools$nsc$interactive$Global$$typedTreeAt(Global.scala:799)
	at scala.tools.nsc.interactive.Global$$anonfun$getTypedTreeAt$1.apply(Global.scala:829)
	at scala.tools.nsc.interactive.Global$$anonfun$getTypedTreeAt$1.apply(Global.scala:829)
	at scala.tools.nsc.interactive.Global$$anonfun$respond$1.apply(Global.scala:688)
	at scala.tools.nsc.interactive.Global$$anonfun$respond$1.apply(Global.scala:688)
	at scala.tools.nsc.interactive.Global.respondGradually(Global.scala:695)
	at scala.tools.nsc.interactive.Global.respond(Global.scala:688)
	at scala.tools.nsc.interactive.Global.getTypedTreeAt(Global.scala:829)
	at scala.tools.nsc.interactive.CompilerControl$AskTypeAtItem.apply$mcV$sp(CompilerControl.scala:326)
	at scala.tools.nsc.interactive.Global$$anonfun$pollForWork$1.apply$mcV$sp(Global.scala:493)
	at scala.util.control.Breaks.breakable(Breaks.scala:38)
	at scala.tools.nsc.interactive.Global.pollForWork(Global.scala:418)
	at scala.tools.nsc.interactive.Global.checkForMoreWork(Global.scala:507)
	at scala.tools.nsc.interactive.Global.signalParseProgress(Global.scala:318)
	at scala.tools.nsc.ast.parser.Parsers$Parser.funDefRest(Parsers.scala:2619)
	at scala.tools.nsc.ast.parser.Parsers$Parser.funDefOrDcl(Parsers.scala:2576)
	at scala.tools.nsc.ast.parser.Parsers$Parser.defOrDcl(Parsers.scala:2461)
	at scala.tools.nsc.ast.parser.Parsers$Parser.nonLocalDefOrDcl(Parsers.scala:2473)
	at scala.tools.nsc.ast.parser.Parsers$Parser$$anonfun$templateStat$1$$anonfun$applyOrElse$3.apply(Parsers.scala:3030)
	at scala.tools.nsc.ast.parser.Parsers$Parser$$anonfun$templateStat$1$$anonfun$applyOrElse$3.apply(Parsers.scala:3030)
	at scala.tools.nsc.doc.ScaladocSyntaxAnalyzer$ScaladocUnitParser.joinComment(ScaladocAnalyzer.scala:259)
	at scala.tools.nsc.ast.parser.Parsers$Parser$$anonfun$templateStat$1.applyOrElse(Parsers.scala:3030)
	at scala.tools.nsc.ast.parser.Parsers$Parser$$anonfun$templateStat$1.applyOrElse(Parsers.scala:3025)
	at scala.tools.nsc.ast.parser.Parsers$Parser.statSeq(Parsers.scala:2957)
	at scala.tools.nsc.ast.parser.Parsers$Parser.templateStats(Parsers.scala:3024)
	at scala.tools.nsc.ast.parser.Parsers$Parser$$anonfun$templateStatSeq$1.apply(Parsers.scala:3011)
	at scala.tools.nsc.ast.parser.Parsers$Parser$$anonfun$templateStatSeq$1.apply(Parsers.scala:2988)
	at scala.tools.nsc.ast.parser.Parsers$Parser.checkNoEscapingPlaceholders(Parsers.scala:462)
	at scala.tools.nsc.ast.parser.Parsers$Parser.templateStatSeq(Parsers.scala:2988)
	at scala.tools.nsc.ast.parser.Parsers$Parser.templateBody(Parsers.scala:2917)
	at scala.tools.nsc.ast.parser.Parsers$Parser.templateBodyOpt(Parsers.scala:2924)
	at scala.tools.nsc.ast.parser.Parsers$Parser.templateOpt(Parsers.scala:2888)
	at scala.tools.nsc.ast.parser.Parsers$Parser.objectDef(Parsers.scala:2773)
	at scala.tools.nsc.ast.parser.Parsers$Parser.tmplDef(Parsers.scala:2712)
	at scala.tools.nsc.ast.parser.Parsers$Parser.topLevelTmplDef(Parsers.scala:2693)
	at scala.tools.nsc.ast.parser.Parsers$Parser$$anonfun$topStat$1$$anonfun$applyOrElse$2.apply(Parsers.scala:2980)
	at scala.tools.nsc.ast.parser.Parsers$Parser$$anonfun$topStat$1$$anonfun$applyOrElse$2.apply(Parsers.scala:2980)
	at scala.tools.nsc.doc.ScaladocSyntaxAnalyzer$ScaladocUnitParser.joinComment(ScaladocAnalyzer.scala:259)
	at scala.tools.nsc.ast.parser.Parsers$Parser$$anonfun$topStat$1.applyOrElse(Parsers.scala:2980)
	at scala.tools.nsc.ast.parser.Parsers$Parser$$anonfun$topStat$1.applyOrElse(Parsers.scala:2973)
	at scala.tools.nsc.ast.parser.Parsers$Parser.statSeq(Parsers.scala:2957)
	at scala.tools.nsc.ast.parser.Parsers$Parser.topStatSeq(Parsers.scala:2972)
	at scala.tools.nsc.ast.parser.Parsers$Parser$$anonfun$compilationUnit$1.topstats$1(Parsers.scala:3170)
	at scala.tools.nsc.ast.parser.Parsers$Parser$$anonfun$compilationUnit$1.topstats$1(Parsers.scala:3162)
	at scala.tools.nsc.ast.parser.Parsers$Parser$$anonfun$compilationUnit$1.apply(Parsers.scala:3176)
	at scala.tools.nsc.ast.parser.Parsers$Parser$$anonfun$compilationUnit$1.apply(Parsers.scala:3138)
	at scala.tools.nsc.ast.parser.Parsers$Parser.checkNoEscapingPlaceholders(Parsers.scala:462)
	at scala.tools.nsc.ast.parser.Parsers$Parser.compilationUnit(Parsers.scala:3138)
	at scala.tools.nsc.ast.parser.Parsers$SourceFileParser$$anonfun$parseStartRule$1.apply(Parsers.scala:146)
	at scala.tools.nsc.ast.parser.Parsers$SourceFileParser$$anonfun$parseStartRule$1.apply(Parsers.scala:146)
	at scala.tools.nsc.ast.parser.Parsers$Parser$$anonfun$parse$1.apply(Parsers.scala:352)
	at scala.tools.nsc.ast.parser.Parsers$Parser$$anonfun$parse$1.apply(Parsers.scala:352)
	at scala.tools.nsc.ast.parser.Parsers$Parser.parseRule(Parsers.scala:345)
	at scala.tools.nsc.ast.parser.Parsers$Parser.parse(Parsers.scala:352)
	at scala.tools.nsc.ast.parser.Parsers$UnitParser.smartParse(Parsers.scala:241)
	at scala.tools.nsc.ast.parser.SyntaxAnalyzer.scala$tools$nsc$ast$parser$SyntaxAnalyzer$$initialUnitBody(SyntaxAnalyzer.scala:87)
	at scala.tools.nsc.ast.parser.SyntaxAnalyzer$ParserPhase.apply(SyntaxAnalyzer.scala:99)
	at scala.tools.nsc.Global$GlobalPhase$$anonfun$applyPhase$1.apply$mcV$sp(Global.scala:428)
	at scala.tools.nsc.Global$GlobalPhase.withCurrentUnit(Global.scala:419)
	at scala.tools.nsc.Global$GlobalPhase.applyPhase(Global.scala:428)
	at scala.tools.nsc.Global$Run$$anonfun$compileLate$2$$anonfun$apply$1.apply(Global.scala:1445)
	at scala.tools.nsc.Global$Run$$anonfun$compileLate$2$$anonfun$apply$1.apply(Global.scala:1445)
	at scala.reflect.internal.SymbolTable.enteringPhase(SymbolTable.scala:235)
	at scala.tools.nsc.Global$Run$$anonfun$compileLate$2.apply(Global.scala:1445)
	at scala.tools.nsc.Global$Run$$anonfun$compileLate$2.apply(Global.scala:1444)
	at scala.collection.Iterator$class.foreach(Iterator.scala:743)
	at scala.collection.AbstractIterator.foreach(Iterator.scala:1195)
	at scala.tools.nsc.Global$Run.compileLate(Global.scala:1444)
	at scala.tools.nsc.interactive.Global.scala$tools$nsc$interactive$Global$$parseAndEnter(Global.scala:645)
	at scala.tools.nsc.interactive.Global.backgroundCompile(Global.scala:551)
	at scala.tools.nsc.interactive.PresentationCompilerThread.run(PresentationCompilerThread.scala:25)
2015-01-15 15:30:31,640  WARN [Worker-10] - ScalaProject - Project Scala-Practise has platform default sourceLevel.
2015-01-15 15:30:31,640  WARN [Worker-10] - ScalaProject - Project Scala-Practise runs on platform default installation.
2015-01-15 15:30:41,097  WARN [Worker-8] - ScalaProject - Project Scala-Practise has platform default sourceLevel.
2015-01-15 15:30:41,097  WARN [Worker-8] - ScalaProject - Project Scala-Practise runs on platform default installation.
2015-01-15 15:30:52,677  WARN [Worker-10] - ScalaProject - Project Scala-Practise has platform default sourceLevel.
2015-01-15 15:30:52,677  WARN [Worker-10] - ScalaProject - Project Scala-Practise runs on platform default installation.
2015-01-15 15:31:02,079  WARN [Worker-2] - ScalaProject - Project Scala-Practise has platform default sourceLevel.
2015-01-15 15:31:02,079  WARN [Worker-2] - ScalaProject - Project Scala-Practise runs on platform default installation.
2015-01-15 15:31:16,974  WARN [Worker-12] - ScalaProject - Project Scala-Practise has platform default sourceLevel.
2015-01-15 15:31:16,974  WARN [Worker-12] - ScalaProject - Project Scala-Practise runs on platform default installation.
2015-01-15 15:31:53,662 ERROR [Text Viewer Hover Presenter] - IScalaPresentationCompiler$ - Ignoring InterruptException
2015-01-15 15:31:53,662 ERROR [Text Viewer Hover Presenter] - IScalaPresentationCompiler$ - Ignoring InterruptException
2015-01-15 15:31:53,662 ERROR [Text Viewer Hover Presenter] - IScalaPresentationCompiler$ - Ignoring InterruptException
2015-01-15 15:31:56,324  WARN [Worker-8] - ScalaProject - Project Scala-Practise has platform default sourceLevel.
2015-01-15 15:31:56,324  WARN [Worker-8] - ScalaProject - Project Scala-Practise runs on platform default installation.
2015-01-15 15:32:26,229  WARN [Worker-10] - ScalaProject - Project Scala-Practise has platform default sourceLevel.
2015-01-15 15:32:26,229  WARN [Worker-10] - ScalaProject - Project Scala-Practise runs on platform default installation.
2015-01-15 15:36:26,553  WARN [Worker-4] - ScalaProject - Project Scala-Practise has platform default sourceLevel.
2015-01-15 15:36:26,553  WARN [Worker-4] - ScalaProject - Project Scala-Practise runs on platform default installation.
2015-01-15 15:36:30,227  WARN [Worker-4] - ScalaProject - Project Scala-Practise has platform default sourceLevel.
2015-01-15 15:36:30,227  WARN [Worker-4] - ScalaProject - Project Scala-Practise runs on platform default installation.
2015-01-15 15:36:33,341  WARN [Worker-7] - ScalaProject - Project Scala-Practise has platform default sourceLevel.
2015-01-15 15:36:33,341  WARN [Worker-7] - ScalaProject - Project Scala-Practise runs on platform default installation.
2015-01-15 15:36:45,550  WARN [Worker-12] - ScalaProject - Project Scala-Practise has platform default sourceLevel.
2015-01-15 15:36:45,551  WARN [Worker-12] - ScalaProject - Project Scala-Practise runs on platform default installation.
2015-01-15 15:36:52,934  WARN [Worker-8] - ScalaProject - Project Scala-Practise has platform default sourceLevel.
2015-01-15 15:36:52,934  WARN [Worker-8] - ScalaProject - Project Scala-Practise runs on platform default installation.
2015-01-15 15:37:08,452  WARN [Worker-1] - ScalaProject - Project Scala-Practise has platform default sourceLevel.
2015-01-15 15:37:08,453  WARN [Worker-1] - ScalaProject - Project Scala-Practise runs on platform default installation.
2015-01-15 15:37:15,173  WARN [Worker-1] - ScalaProject - Project Scala-Practise has platform default sourceLevel.
2015-01-15 15:37:15,173  WARN [Worker-1] - ScalaProject - Project Scala-Practise runs on platform default installation.
2015-01-15 15:37:21,599  WARN [Worker-12] - ScalaProject - Project Scala-Practise has platform default sourceLevel.
2015-01-15 15:37:21,599  WARN [Worker-12] - ScalaProject - Project Scala-Practise runs on platform default installation.
2015-01-15 15:37:26,673  WARN [Worker-9] - ScalaProject - Project Scala-Practise has platform default sourceLevel.
2015-01-15 15:37:26,673  WARN [Worker-9] - ScalaProject - Project Scala-Practise runs on platform default installation.
2015-01-15 15:37:30,198  WARN [Worker-10] - ScalaProject - Project Scala-Practise has platform default sourceLevel.
2015-01-15 15:37:30,198  WARN [Worker-10] - ScalaProject - Project Scala-Practise runs on platform default installation.
2015-01-15 15:37:42,204  WARN [Worker-12] - ScalaProject - Project Scala-Practise has platform default sourceLevel.
2015-01-15 15:37:42,204  WARN [Worker-12] - ScalaProject - Project Scala-Practise runs on platform default installation.
2015-01-15 15:38:28,001  WARN [Worker-2] - ScalaProject - Project Scala-Practise has platform default sourceLevel.
2015-01-15 15:38:28,001  WARN [Worker-2] - ScalaProject - Project Scala-Practise runs on platform default installation.
2015-01-15 15:38:30,713  WARN [Worker-4] - ScalaProject - Project Scala-Practise has platform default sourceLevel.
2015-01-15 15:38:30,713  WARN [Worker-4] - ScalaProject - Project Scala-Practise runs on platform default installation.
2015-01-15 15:38:36,927  WARN [Worker-12] - ScalaProject - Project Scala-Practise has platform default sourceLevel.
2015-01-15 15:38:36,927  WARN [Worker-12] - ScalaProject - Project Scala-Practise runs on platform default installation.
2015-02-02 19:16:32,086  WARN [Worker-7] - ScalaProject - Project Spark- has platform default sourceLevel.
2015-02-02 19:16:32,088  WARN [Worker-7] - ScalaProject - Project Spark- runs on platform default installation.
2015-02-02 19:16:54,480  WARN [ModalContext] - ScalaProject - Project Spark has platform default sourceLevel.
2015-02-02 19:16:54,481  WARN [ModalContext] - ScalaProject - Project Spark runs on platform default installation.
2015-02-02 19:16:55,897  WARN [Worker-2] - ScalaProject - Project Spark has platform default sourceLevel.
2015-02-02 19:16:55,897  WARN [Worker-2] - ScalaProject - Project Spark runs on platform default installation.
2015-02-02 19:17:24,200  WARN [Worker-3] - ScalaProject - Project Spark has platform default sourceLevel.
2015-02-02 19:17:24,200  WARN [Worker-3] - ScalaProject - Project Spark runs on platform default installation.
2015-02-02 19:19:10,521  WARN [Worker-6] - ScalaProject - Project Spark has platform default sourceLevel.
2015-02-02 19:19:10,521  WARN [Worker-6] - ScalaProject - Project Spark runs on platform default installation.
2015-02-02 19:23:06,395  WARN [Worker-4] - ScalaProject - Project Spark has platform default sourceLevel.
2015-02-02 19:23:06,395  WARN [Worker-4] - ScalaProject - Project Spark runs on platform default installation.
2015-02-02 19:23:11,778  WARN [Worker-0] - ScalaProject - Project Spark has platform default sourceLevel.
2015-02-02 19:23:11,778  WARN [Worker-0] - ScalaProject - Project Spark runs on platform default installation.
2015-02-02 19:45:20,523  WARN [main] - ScalaProject - Project Spark has platform default sourceLevel.
2015-02-02 19:45:20,524  WARN [main] - ScalaProject - Project Spark runs on platform default installation.
2015-02-02 20:17:35,413  WARN [Worker-4] - ScalaProject - Project Scala-Practise has platform default sourceLevel.
2015-02-02 20:17:35,413  WARN [Worker-4] - ScalaProject - Project Scala-Practise runs on platform default installation.
2015-02-02 20:21:20,134 ERROR [Worker-0] - EclipseSbtBuildManager - 'jvm-1.8' is not a valid choice for '-target'
2015-02-02 20:21:20,135 ERROR [Worker-0] - EclipseSbtBuildManager - bad option: '-target:jvm-1.8'
2015-02-02 20:21:21,212 ERROR [Worker-8] - EclipseSbtBuildManager - 'jvm-1.8' is not a valid choice for '-target'
2015-02-02 20:21:21,213 ERROR [Worker-8] - EclipseSbtBuildManager - bad option: '-target:jvm-1.8'
2015-02-15 17:49:00,638  WARN [Worker-1] - ScalaProject - Project Scala-Practise has platform default sourceLevel.
2015-02-15 17:49:00,640  WARN [Worker-1] - ScalaProject - Project Scala-Practise runs on platform default installation.
2015-02-15 17:49:03,028 ERROR [Worker-1] - EclipseSbtBuildManager - 'jvm-1.8' is not a valid choice for '-target'
2015-02-15 17:49:03,029 ERROR [Worker-1] - EclipseSbtBuildManager - bad option: '-target:jvm-1.8'
2015-02-16 11:57:38,558 ERROR [Worker-8] - EclipseSbtBuildManager - 'jvm-1.8' is not a valid choice for '-target'
2015-02-16 11:57:38,559 ERROR [Worker-8] - EclipseSbtBuildManager - bad option: '-target:jvm-1.8'
2015-02-16 11:58:33,448 ERROR [Worker-11] - EclipseSbtBuildManager - 'jvm-1.8' is not a valid choice for '-target'
2015-02-16 11:58:33,448 ERROR [Worker-11] - EclipseSbtBuildManager - bad option: '-target:jvm-1.8'
2015-02-16 11:58:55,631 ERROR [Worker-12] - EclipseSbtBuildManager - 'jvm-1.8' is not a valid choice for '-target'
2015-02-16 11:58:55,632 ERROR [Worker-12] - EclipseSbtBuildManager - bad option: '-target:jvm-1.8'
2015-02-16 11:59:03,872 ERROR [Worker-14] - EclipseSbtBuildManager - 'jvm-1.8' is not a valid choice for '-target'
2015-02-16 11:59:03,873 ERROR [Worker-14] - EclipseSbtBuildManager - bad option: '-target:jvm-1.8'
2015-02-16 11:59:30,956 ERROR [Worker-11] - EclipseSbtBuildManager - 'jvm-1.8' is not a valid choice for '-target'
2015-02-16 11:59:30,956 ERROR [Worker-11] - EclipseSbtBuildManager - bad option: '-target:jvm-1.8'
2015-02-16 11:59:54,394 ERROR [Worker-15] - EclipseSbtBuildManager - 'jvm-1.8' is not a valid choice for '-target'
2015-02-16 11:59:54,394 ERROR [Worker-15] - EclipseSbtBuildManager - bad option: '-target:jvm-1.8'
2015-02-16 12:01:07,065 ERROR [Worker-10] - EclipseSbtBuildManager - 'jvm-1.8' is not a valid choice for '-target'
2015-02-16 12:01:07,065 ERROR [Worker-10] - EclipseSbtBuildManager - bad option: '-target:jvm-1.8'
2015-02-16 12:01:23,236 ERROR [Worker-15] - EclipseSbtBuildManager - 'jvm-1.8' is not a valid choice for '-target'
2015-02-16 12:01:23,236 ERROR [Worker-15] - EclipseSbtBuildManager - bad option: '-target:jvm-1.8'
2015-02-25 15:31:22,959 ERROR [main] - System.err - Warning: NLS unused message: PathMapperCompositeFragment_5 in: org.eclipse.php.internal.server.ui.messages
2015-02-25 15:48:44,077 ERROR [org.eclipse.jface.text.reconciler.MonoReconciler] - System.err - Exception in thread "org.eclipse.jface.text.reconciler.MonoReconciler"
2015-02-25 15:48:44,079 ERROR [org.eclipse.jface.text.reconciler.MonoReconciler] - System.err - java.lang.NullPointerException
2015-02-25 15:48:44,079 ERROR [org.eclipse.jface.text.reconciler.MonoReconciler] - System.err - at org.scalaide.ui.editor.ReconcilingStrategy.initialReconcile(ReconcilingStrategy.scala:33)
2015-02-25 15:48:44,079 ERROR [org.eclipse.jface.text.reconciler.MonoReconciler] - System.err - at org.eclipse.jface.text.reconciler.MonoReconciler.initialProcess(MonoReconciler.java:105)
2015-02-25 15:48:44,079 ERROR [org.eclipse.jface.text.reconciler.MonoReconciler] - System.err - at org.eclipse.jface.text.reconciler.AbstractReconciler$BackgroundThread.run(AbstractReconciler.java:173)
