#
# A fatal error has been detected by the Java Runtime Environment:
#
#  SIGSEGV (0xb) at pc=0x0000000111022d8c, pid=41545, tid=20227
#
# JRE version: Java(TM) SE Runtime Environment (8.0_20-b26) (build 1.8.0_20-b26)
# Java VM: Java HotSpot(TM) 64-Bit Server VM (25.20-b23 mixed mode bsd-amd64 compressed oops)
# Problematic frame:
# V  [libjvm.dylib+0x422d8c]  Method::checked_resolve_jmethod_id(_jmethodID*)+0xe
#
# Failed to write core dump. Core dumps have been disabled. To enable core dumping, try "ulimit -c unlimited" before starting Java again
#
# If you would like to submit a bug report, please visit:
#   http://bugreport.sun.com/bugreport/crash.jsp
#

---------------  T H R E A D  ---------------

Current thread (0x00007fb1b0000000):  JavaThread "JDWP Transport Listener: dt_socket" daemon [_thread_in_vm, id=20227, stack(0x000000012d96d000,0x000000012da6d000)]

siginfo: si_signo: 11 (SIGSEGV), si_code: 0 (unknown), si_addr: 0x0000000000000000

Registers:
RAX=0x0000000000000001, RBX=0x000000012da6ca8b, RCX=0x00000001113d5c80, RDX=0x000000012da6ca8b
RSP=0x000000012da6c9d0, RBP=0x000000012da6c9e0, RSI=0x00007fb1b0000000, RDI=0x6369767265536369
R8 =0x00007fb1ada20a10, R9 =0x0000000000000000, R10=0x000000001fc28bff, R11=0x0000000051f73ddc
R12=0x00007fb1b0000000, R13=0x6369767265536369, R14=0x6369767265536369, R15=0x00007fb1abf00000
RIP=0x0000000111022d8c, EFLAGS=0x0000000000010206, ERR=0x0000000000000000
  TRAPNO=0x000000000000000d

Top of Stack: (sp=0x000000012da6c9d0)
0x000000012da6c9d0:   000000012da6ca8b 000000012da6ca8b
0x000000012da6c9e0:   000000012da6ca40 0000000110f34ec2
0x000000012da6c9f0:   00007fb1b0000000 0000000000000000
0x000000012da6ca00:   0000000000000000 0000000000000000
0x000000012da6ca10:   00007fb1b0000000 00007fb1b0000000
0x000000012da6ca20:   000000012da6ca8b 000000012da6ca90
0x000000012da6ca30:   6369767265536369 0000000000000004
0x000000012da6ca40:   000000012da6ca60 0000000111b3b7dc
0x000000012da6ca50:   0000000000000001 000000012da6cb08
0x000000012da6ca60:   000000012da6cad0 0000000111b20263
0x000000012da6ca70:   000000012da6caa0 00007fb1ada202d0
0x000000012da6ca80:   0000000700000032 0000000000a6cb08
0x000000012da6ca90:   0000000000000000 0000000000000000
0x000000012da6caa0:   0000000000000000 000000012da6cc90
0x000000012da6cab0:   0000000111b42eca 00007fb1abd09ee0
0x000000012da6cac0:   000000012da6cb08 0000000111b4e588
0x000000012da6cad0:   000000012da6cae0 0000000111b2035c
0x000000012da6cae0:   000000012da6cd00 0000000111b298f6
0x000000012da6caf0:   0000022e00000013 00000000000f0200
0x000000012da6cb00:   00007fb1abd09730 00007fb1ada20b5f
0x000000012da6cb10:   00007fb100000209 00007fb1ada209f0
0x000000012da6cb20:   00007fb10000012c 000000012da6cb58
0x000000012da6cb30:   00007fb1ada209f0 00007f0000000000
0x000000012da6cb40:   0000022e0000001c 00007fff00005e80
0x000000012da6cb50:   000000012da6cb58 b17f000007000000
0x000000012da6cb60:   06000000b09fc1ab 00003e74696e693c
0x000000012da6cb70:   0000005629280300 7f00000100000000
0x000000012da6cb80:   000000c09fc1abb1 7469485f64646108
0x000000012da6cb90:   6a4c281500000073 676e616c2f617661
0x000000012da6cba0:   3b676e697274532f 0000000000005629
0x000000012da6cbb0:   82adb17f00000000 73690b0000003828
0x000000012da6cbc0:   696d694c7265764f 6a4c282800000074 

Instructions: (pc=0x0000000111022d8c)
0x0000000111022d6c:   40 48 48 85 c0 75 e0 30 c0 0f b6 c0 5d c3 31 c0
0x0000000111022d7c:   5d c3 55 48 89 e5 53 48 83 ec 08 48 85 ff 74 24
0x0000000111022d8c:   48 8b 1f 48 85 db 74 1c 48 83 fb 37 74 16 48 8b
0x0000000111022d9c:   03 48 89 df ff 50 10 84 c0 b8 00 00 00 00 48 0f 

Register to memory mapping:

RAX=0x0000000000000001 is an unknown value
RBX=0x000000012da6ca8b is pointing into the stack for thread: 0x00007fb1b0000000
RCX=0x00000001113d5c80: UseMembar+0 in /Library/Java/JavaVirtualMachines/jdk1.8.0_20.jdk/Contents/Home/jre/lib/server/libjvm.dylib at 0x0000000110c00000
RDX=0x000000012da6ca8b is pointing into the stack for thread: 0x00007fb1b0000000
RSP=0x000000012da6c9d0 is pointing into the stack for thread: 0x00007fb1b0000000
RBP=0x000000012da6c9e0 is pointing into the stack for thread: 0x00007fb1b0000000
RSI=0x00007fb1b0000000 is a thread
RDI=0x6369767265536369 is an unknown value
R8 =0x00007fb1ada20a10 is an unknown value
R9 =0x0000000000000000 is an unknown value
R10=0x000000001fc28bff is an unknown value
R11=0x0000000051f73ddc is an unknown value
R12=0x00007fb1b0000000 is a thread
R13=0x6369767265536369 is an unknown value
R14=0x6369767265536369 is an unknown value
R15=0x00007fb1abf00000 is an unknown value


Stack: [0x000000012d96d000,0x000000012da6d000],  sp=0x000000012da6c9d0,  free space=1022k
Native frames: (J=compiled Java code, j=interpreted, Vv=VM code, C=native code)
V  [libjvm.dylib+0x422d8c]  Method::checked_resolve_jmethod_id(_jmethodID*)+0xe
V  [libjvm.dylib+0x334ec2]  jvmti_IsMethodSynthetic+0xb2
C  [libjdwp.dylib+0x207dc]  isMethodSynthetic+0x63
C  [libjdwp.dylib+0x5263]  methods1+0x10b
C  [libjdwp.dylib+0x535c]  methodsWithGeneric+0xe
C  [libjdwp.dylib+0xe8f6]  debugLoop_run+0x1ce
C  [libjdwp.dylib+0x1f716]  attachThread+0x4d
V  [libjvm.dylib+0x375f22]  JvmtiAgentThread::call_start_function()+0x38
V  [libjvm.dylib+0x535a51]  JavaThread::thread_main_inner()+0x9b
V  [libjvm.dylib+0x537194]  JavaThread::run()+0x1c2
V  [libjvm.dylib+0x45d35a]  java_start(Thread*)+0xf6
C  [libsystem_pthread.dylib+0x1899]  _pthread_body+0x8a
C  [libsystem_pthread.dylib+0x172a]  _pthread_struct_init+0x0
C  [libsystem_pthread.dylib+0x5fc9]  thread_start+0xd
C  0x0000000000000000


---------------  P R O C E S S  ---------------

Java Threads: ( => current thread )
  0x00007fb1ae80a800 JavaThread "ReaderThread" [_thread_in_native, id=24835, stack(0x000000012e40d000,0x000000012e50d000)]
  0x00007fb1ac05d800 JavaThread "Service Thread" daemon [_thread_blocked, id=23811, stack(0x000000012e082000,0x000000012e182000)]
  0x00007fb1ad026800 JavaThread "C1 CompilerThread3" daemon [_thread_blocked, id=23299, stack(0x000000012df7f000,0x000000012e07f000)]
  0x00007fb1ae80f000 JavaThread "C2 CompilerThread2" daemon [_thread_blocked, id=22787, stack(0x000000012de7c000,0x000000012df7c000)]
  0x00007fb1ac012800 JavaThread "C2 CompilerThread1" daemon [_thread_blocked, id=22275, stack(0x000000012dd79000,0x000000012de79000)]
  0x00007fb1ad026000 JavaThread "C2 CompilerThread0" daemon [_thread_blocked, id=21763, stack(0x000000012dc76000,0x000000012dd76000)]
  0x00007fb1ae000800 JavaThread "JDWP Command Reader" daemon [_thread_in_native, id=21251, stack(0x000000012db73000,0x000000012dc73000)]
  0x00007fb1af028800 JavaThread "JDWP Event Helper Thread" daemon [_thread_blocked, id=20739, stack(0x000000012da70000,0x000000012db70000)]
=>0x00007fb1b0000000 JavaThread "JDWP Transport Listener: dt_socket" daemon [_thread_in_vm, id=20227, stack(0x000000012d96d000,0x000000012da6d000)]
  0x00007fb1ad032800 JavaThread "Signal Dispatcher" daemon [_thread_blocked, id=19715, stack(0x000000012d863000,0x000000012d963000)]
  0x00007fb1af800000 JavaThread "Finalizer" daemon [_thread_blocked, id=14595, stack(0x000000012d617000,0x000000012d717000)]
  0x00007fb1af051800 JavaThread "Reference Handler" daemon [_thread_blocked, id=14083, stack(0x000000012d514000,0x000000012d614000)]
  0x00007fb1ad002800 JavaThread "main" [_thread_blocked, id=6403, stack(0x000000010fa80000,0x000000010fb80000)]

Other Threads:
  0x00007fb1af04d000 VMThread [stack: 0x000000012d411000,0x000000012d511000] [id=13571]
  0x00007fb1ac05e800 WatcherThread [stack: 0x000000012e185000,0x000000012e285000] [id=24323]

VM state:not at safepoint (normal execution)

VM Mutex/Monitor currently owned by a thread: None

Heap:
 PSYoungGen      total 76288K, used 14418K [0x000000076ab00000, 0x0000000770000000, 0x00000007c0000000)
  eden space 65536K, 22% used [0x000000076ab00000,0x000000076b914ae0,0x000000076eb00000)
  from space 10752K, 0% used [0x000000076f580000,0x000000076f580000,0x0000000770000000)
  to   space 10752K, 0% used [0x000000076eb00000,0x000000076eb00000,0x000000076f580000)
 ParOldGen       total 175104K, used 0K [0x00000006c0000000, 0x00000006cab00000, 0x000000076ab00000)
  object space 175104K, 0% used [0x00000006c0000000,0x00000006c0000000,0x00000006cab00000)
 Metaspace       used 7613K, capacity 7746K, committed 7808K, reserved 1056768K
  class space    used 835K, capacity 870K, committed 896K, reserved 1048576K

Card table byte_map: [0x0000000120f26000,0x0000000121727000] byte_map_base: 0x000000011d926000

Marking Bits: (ParMarkBitMap*) 0x000000011149c330
 Begin Bits: [0x0000000122495000, 0x0000000126495000)
 End Bits:   [0x0000000126495000, 0x000000012a495000)

Polling page: 0x000000010fbc4000

CodeCache: size=245760Kb used=2361Kb max_used=2363Kb free=243398Kb
 bounds [0x0000000111b66000, 0x0000000111dd6000, 0x0000000120b66000]
 total_blobs=836 nmethods=527 adapters=232
 compilation: enabled

Compilation events (10 events):
Event: 0.467 Thread 0x00007fb1ad026800 nmethod 521 0x0000000111db0710 code [0x0000000111db08a0, 0x0000000111db0b18]
Event: 0.467 Thread 0x00007fb1ad026800  520       3       java.lang.invoke.MethodTypeForm::parameterSlotCount (9 bytes)
Event: 0.467 Thread 0x00007fb1ad026800 nmethod 520 0x0000000111db0c10 code [0x0000000111db0d80, 0x0000000111db0f50]
Event: 0.473 Thread 0x00007fb1ae80f000 nmethod 522 0x0000000111db44d0 code [0x0000000111db4660, 0x0000000111db4d18]
Event: 0.475 Thread 0x00007fb1ad026800  524       3       java.lang.invoke.LambdaForm::signatureArity (28 bytes)
Event: 0.475 Thread 0x00007fb1ad026800 nmethod 524 0x0000000111db3f90 code [0x0000000111db4100, 0x0000000111db43e8]
Event: 0.476 Thread 0x00007fb1ad026800  525       3       sun.invoke.util.BytecodeDescriptor::unparseSig (75 bytes)
Event: 0.477 Thread 0x00007fb1ad026800 nmethod 525 0x0000000111db1dd0 code [0x0000000111db2040, 0x0000000111db3228]
Event: 0.477 Thread 0x00007fb1ad026800  526       3       java.lang.ClassLoader::findBootstrapClassOrNull (16 bytes)
Event: 0.477 Thread 0x00007fb1ad026800 nmethod 526 0x0000000111db1950 code [0x0000000111db1ae0, 0x0000000111db1d18]

GC Heap History (0 events):
No events

Deoptimization events (0 events):
No events

Internal exceptions (10 events):
Event: 0.372 Thread 0x00007fb1ad002800 Exception <a 'java/security/PrivilegedActionException'> (0x000000076b6b6540) thrown at [/HUDSON3/workspace/8-2-build-macosx-x86_64/jdk8u20/1074/hotspot/src/share/vm/prims/jvm.cpp, line 1275]
Event: 0.373 Thread 0x00007fb1ad002800 Exception <a 'java/security/PrivilegedActionException'> (0x000000076b6cfbd0) thrown at [/HUDSON3/workspace/8-2-build-macosx-x86_64/jdk8u20/1074/hotspot/src/share/vm/prims/jvm.cpp, line 1275]
Event: 0.374 Thread 0x00007fb1ad002800 Exception <a 'java/security/PrivilegedActionException'> (0x000000076b6d7fc8) thrown at [/HUDSON3/workspace/8-2-build-macosx-x86_64/jdk8u20/1074/hotspot/src/share/vm/prims/jvm.cpp, line 1275]
Event: 0.375 Thread 0x00007fb1ad002800 Exception <a 'java/security/PrivilegedActionException'> (0x000000076b6fd928) thrown at [/HUDSON3/workspace/8-2-build-macosx-x86_64/jdk8u20/1074/hotspot/src/share/vm/prims/jvm.cpp, line 1275]
Event: 0.376 Thread 0x00007fb1ad002800 Exception <a 'java/security/PrivilegedActionException'> (0x000000076b709900) thrown at [/HUDSON3/workspace/8-2-build-macosx-x86_64/jdk8u20/1074/hotspot/src/share/vm/prims/jvm.cpp, line 1275]
Event: 0.379 Thread 0x00007fb1ad002800 Exception <a 'java/security/PrivilegedActionException'> (0x000000076b7109e8) thrown at [/HUDSON3/workspace/8-2-build-macosx-x86_64/jdk8u20/1074/hotspot/src/share/vm/prims/jvm.cpp, line 1275]
Event: 0.418 Thread 0x00007fb1ad002800 Exception <a 'java/lang/ClassNotFoundException': java/lang/Null> (0x000000076b776080) thrown at [/HUDSON3/workspace/8-2-build-macosx-x86_64/jdk8u20/1074/hotspot/src/share/vm/classfile/systemDictionary.cpp, line 202]
Event: 0.431 Thread 0x00007fb1ad002800 Exception <a 'java/lang/NoSuchFieldError': method resolution failed> (0x000000076b7c44f0) thrown at [/HUDSON3/workspace/8-2-build-macosx-x86_64/jdk8u20/1074/hotspot/src/share/vm/prims/methodHandles.cpp, line 1159]
Event: 0.436 Thread 0x00007fb1ad002800 Exception <a 'java/lang/NoSuchFieldError': method resolution failed> (0x000000076b7d3388) thrown at [/HUDSON3/workspace/8-2-build-macosx-x86_64/jdk8u20/1074/hotspot/src/share/vm/prims/methodHandles.cpp, line 1159]
Event: 0.438 Thread 0x00007fb1ad002800 Exception <a 'java/lang/NoSuchFieldError': method resolution failed> (0x000000076b7d6998) thrown at [/HUDSON3/workspace/8-2-build-macosx-x86_64/jdk8u20/1074/hotspot/src/share/vm/prims/methodHandles.cpp, line 1159]

Events (10 events):
Event: 200.637 Executing VM operation: GetCurrentLocation
Event: 200.637 Executing VM operation: GetCurrentLocation done
Event: 200.637 Executing VM operation: EnterInterpOnlyMode
Event: 200.637 Executing VM operation: EnterInterpOnlyMode done
Event: 200.637 Executing VM operation: ChangeSingleStep
Event: 200.637 Executing VM operation: ChangeSingleStep done
Event: 200.637 Executing VM operation: ChangeSingleStep
Event: 200.637 Executing VM operation: ChangeSingleStep done
Event: 200.640 Executing VM operation: RedefineClasses
Event: 200.643 Executing VM operation: RedefineClasses done


Dynamic libraries:
0x000000000a0f0000 	/System/Library/Frameworks/Cocoa.framework/Versions/A/Cocoa
0x000000000a0f0000 	/System/Library/Frameworks/Security.framework/Versions/A/Security
0x000000000a0f0000 	/System/Library/Frameworks/ApplicationServices.framework/Versions/A/ApplicationServices
0x000000000a0f0000 	/usr/lib/libz.1.dylib
0x000000000a0f0000 	/usr/lib/libSystem.B.dylib
0x000000000a0f0000 	/usr/lib/libobjc.A.dylib
0x000000000a0f0000 	/System/Library/Frameworks/CoreFoundation.framework/Versions/A/CoreFoundation
0x000000000a0f0000 	/System/Library/Frameworks/Foundation.framework/Versions/C/Foundation
0x000000000a0f0000 	/System/Library/Frameworks/AppKit.framework/Versions/C/AppKit
0x000000000a0f0000 	/System/Library/Frameworks/CoreData.framework/Versions/A/CoreData
0x000000000a0f0000 	/System/Library/PrivateFrameworks/RemoteViewServices.framework/Versions/A/RemoteViewServices
0x000000000a0f0000 	/System/Library/Frameworks/AudioToolbox.framework/Versions/A/AudioToolbox
0x000000000a0f0000 	/System/Library/Frameworks/AudioUnit.framework/Versions/A/AudioUnit
0x000000000a0f0000 	/System/Library/PrivateFrameworks/DataDetectorsCore.framework/Versions/A/DataDetectorsCore
0x000000000a0f0000 	/System/Library/PrivateFrameworks/DesktopServicesPriv.framework/Versions/A/DesktopServicesPriv
0x000000000a0f0000 	/System/Library/Frameworks/Carbon.framework/Versions/A/Frameworks/HIToolbox.framework/Versions/A/HIToolbox
0x000000000a0f0000 	/System/Library/Frameworks/QuartzCore.framework/Versions/A/QuartzCore
0x000000000a0f0000 	/System/Library/Frameworks/Carbon.framework/Versions/A/Frameworks/SpeechRecognition.framework/Versions/A/SpeechRecognition
0x000000000a0f0000 	/usr/lib/libauto.dylib
0x000000000a0f0000 	/usr/lib/libicucore.A.dylib
0x000000000a0f0000 	/usr/lib/libxml2.2.dylib
0x000000000a0f0000 	/System/Library/PrivateFrameworks/CoreUI.framework/Versions/A/CoreUI
0x000000000a0f0000 	/System/Library/Frameworks/CoreAudio.framework/Versions/A/CoreAudio
0x000000000a0f0000 	/System/Library/Frameworks/DiskArbitration.framework/Versions/A/DiskArbitration
0x000000000a0f0000 	/usr/lib/liblangid.dylib
0x000000000a0f0000 	/System/Library/PrivateFrameworks/MultitouchSupport.framework/Versions/A/MultitouchSupport
0x000000000a0f0000 	/System/Library/Frameworks/IOKit.framework/Versions/A/IOKit
0x000000000a0f0000 	/usr/lib/libDiagnosticMessagesClient.dylib
0x000000000a0f0000 	/System/Library/Frameworks/CoreServices.framework/Versions/A/CoreServices
0x000000000a0f0000 	/System/Library/PrivateFrameworks/PerformanceAnalysis.framework/Versions/A/PerformanceAnalysis
0x000000000a0f0000 	/System/Library/PrivateFrameworks/GenerationalStorage.framework/Versions/A/GenerationalStorage
0x000000000a0f0000 	/System/Library/Frameworks/OpenGL.framework/Versions/A/OpenGL
0x000000000a0f0000 	/System/Library/PrivateFrameworks/Sharing.framework/Versions/A/Sharing
0x000000000a0f0000 	/System/Library/Frameworks/ImageIO.framework/Versions/A/ImageIO
0x000000000a0f0000 	/System/Library/Frameworks/CoreText.framework/Versions/A/CoreText
0x000000000a0f0000 	/System/Library/Frameworks/CoreGraphics.framework/Versions/A/CoreGraphics
0x000000000a0f0000 	/System/Library/PrivateFrameworks/Backup.framework/Versions/A/Backup
0x000000000a0f0000 	/System/Library/Frameworks/CFNetwork.framework/Versions/A/CFNetwork
0x000000000a0f0000 	/System/Library/Frameworks/SystemConfiguration.framework/Versions/A/SystemConfiguration
0x000000000a0f0000 	/usr/lib/libCRFSuite.dylib
0x000000000a0f0000 	/usr/lib/libc++.1.dylib
0x000000000a0f0000 	/usr/lib/libc++abi.dylib
0x000000000a0f0000 	/usr/lib/system/libcache.dylib
0x000000000a0f0000 	/usr/lib/system/libcommonCrypto.dylib
0x000000000a0f0000 	/usr/lib/system/libcompiler_rt.dylib
0x000000000a0f0000 	/usr/lib/system/libcopyfile.dylib
0x000000000a0f0000 	/usr/lib/system/libcorecrypto.dylib
0x000000000a0f0000 	/usr/lib/system/libdispatch.dylib
0x000000000a0f0000 	/usr/lib/system/libdyld.dylib
0x000000000a0f0000 	/usr/lib/system/libkeymgr.dylib
0x000000000a0f0000 	/usr/lib/system/liblaunch.dylib
0x000000000a0f0000 	/usr/lib/system/libmacho.dylib
0x000000000a0f0000 	/usr/lib/system/libquarantine.dylib
0x000000000a0f0000 	/usr/lib/system/libremovefile.dylib
0x000000000a0f0000 	/usr/lib/system/libsystem_asl.dylib
0x000000000a0f0000 	/usr/lib/system/libsystem_blocks.dylib
0x000000000a0f0000 	/usr/lib/system/libsystem_c.dylib
0x000000000a0f0000 	/usr/lib/system/libsystem_configuration.dylib
0x000000000a0f0000 	/usr/lib/system/libsystem_dnssd.dylib
0x000000000a0f0000 	/usr/lib/system/libsystem_info.dylib
0x000000000a0f0000 	/usr/lib/system/libsystem_kernel.dylib
0x000000000a0f0000 	/usr/lib/system/libsystem_m.dylib
0x000000000a0f0000 	/usr/lib/system/libsystem_malloc.dylib
0x000000000a0f0000 	/usr/lib/system/libsystem_network.dylib
0x000000000a0f0000 	/usr/lib/system/libsystem_notify.dylib
0x000000000a0f0000 	/usr/lib/system/libsystem_platform.dylib
0x000000000a0f0000 	/usr/lib/system/libsystem_pthread.dylib
0x000000000a0f0000 	/usr/lib/system/libsystem_sandbox.dylib
0x000000000a0f0000 	/usr/lib/system/libsystem_stats.dylib
0x000000000a0f0000 	/usr/lib/system/libunc.dylib
0x000000000a0f0000 	/usr/lib/system/libunwind.dylib
0x000000000a0f0000 	/usr/lib/system/libxpc.dylib
0x000000000a0f0000 	/usr/lib/libbsm.0.dylib
0x000000000a0f0000 	/usr/lib/libsqlite3.dylib
0x000000000a0f0000 	/usr/lib/libxar.1.dylib
0x000000000a0f0000 	/usr/lib/libpam.2.dylib
0x000000000a0f0000 	/usr/lib/libOpenScriptingUtil.dylib
0x000000000a0f0000 	/usr/lib/libbz2.1.0.dylib
0x000000000a0f0000 	/System/Library/Frameworks/CoreServices.framework/Versions/A/Frameworks/CarbonCore.framework/Versions/A/CarbonCore
0x000000000a0f0000 	/System/Library/Frameworks/CoreServices.framework/Versions/A/Frameworks/Metadata.framework/Versions/A/Metadata
0x000000000a0f0000 	/System/Library/Frameworks/CoreServices.framework/Versions/A/Frameworks/OSServices.framework/Versions/A/OSServices
0x000000000a0f0000 	/System/Library/Frameworks/CoreServices.framework/Versions/A/Frameworks/SearchKit.framework/Versions/A/SearchKit
0x000000000a0f0000 	/System/Library/Frameworks/CoreServices.framework/Versions/A/Frameworks/AE.framework/Versions/A/AE
0x000000000a0f0000 	/System/Library/Frameworks/CoreServices.framework/Versions/A/Frameworks/LaunchServices.framework/Versions/A/LaunchServices
0x000000000a0f0000 	/System/Library/Frameworks/CoreServices.framework/Versions/A/Frameworks/DictionaryServices.framework/Versions/A/DictionaryServices
0x000000000a0f0000 	/System/Library/Frameworks/NetFS.framework/Versions/A/NetFS
0x000000000a0f0000 	/usr/lib/system/libkxld.dylib
0x000000000a0f0000 	/System/Library/PrivateFrameworks/NetAuth.framework/Versions/A/NetAuth
0x000000000a0f0000 	/System/Library/PrivateFrameworks/TCC.framework/Versions/A/TCC
0x000000000a0f0000 	/System/Library/Frameworks/OpenDirectory.framework/Versions/A/Frameworks/CFOpenDirectory.framework/Versions/A/CFOpenDirectory
0x000000000a0f0000 	/System/Library/Frameworks/ServiceManagement.framework/Versions/A/ServiceManagement
0x000000000a0f0000 	/usr/lib/libxslt.1.dylib
0x000000000a0f0000 	/System/Library/Frameworks/Carbon.framework/Versions/A/Frameworks/Ink.framework/Versions/A/Ink
0x000000000a0f0000 	/System/Library/Frameworks/ApplicationServices.framework/Versions/A/Frameworks/ATS.framework/Versions/A/ATS
0x000000000a0f0000 	/System/Library/Frameworks/ApplicationServices.framework/Versions/A/Frameworks/ColorSync.framework/Versions/A/ColorSync
0x000000000a0f0000 	/System/Library/Frameworks/ApplicationServices.framework/Versions/A/Frameworks/HIServices.framework/Versions/A/HIServices
0x000000000a0f0000 	/System/Library/Frameworks/ApplicationServices.framework/Versions/A/Frameworks/LangAnalysis.framework/Versions/A/LangAnalysis
0x000000000a0f0000 	/System/Library/Frameworks/ApplicationServices.framework/Versions/A/Frameworks/PrintCore.framework/Versions/A/PrintCore
0x000000000a0f0000 	/System/Library/Frameworks/ApplicationServices.framework/Versions/A/Frameworks/QD.framework/Versions/A/QD
0x000000000a0f0000 	/System/Library/Frameworks/ApplicationServices.framework/Versions/A/Frameworks/SpeechSynthesis.framework/Versions/A/SpeechSynthesis
0x000000000a0f0000 	/System/Library/Frameworks/IOSurface.framework/Versions/A/IOSurface
0x000000000a0f0000 	/System/Library/Frameworks/Accelerate.framework/Versions/A/Accelerate
0x000000000a0f0000 	/System/Library/Frameworks/Accelerate.framework/Versions/A/Frameworks/vImage.framework/Versions/A/vImage
0x000000000a0f0000 	/System/Library/Frameworks/Accelerate.framework/Versions/A/Frameworks/vecLib.framework/Versions/A/vecLib
0x000000000a0f0000 	/System/Library/Frameworks/Accelerate.framework/Versions/A/Frameworks/vecLib.framework/Versions/A/libvDSP.dylib
0x000000000a0f0000 	/System/Library/Frameworks/Accelerate.framework/Versions/A/Frameworks/vecLib.framework/Versions/A/libvMisc.dylib
0x000000000a0f0000 	/System/Library/Frameworks/Accelerate.framework/Versions/A/Frameworks/vecLib.framework/Versions/A/libLAPACK.dylib
0x000000000a0f0000 	/System/Library/Frameworks/Accelerate.framework/Versions/A/Frameworks/vecLib.framework/Versions/A/libBLAS.dylib
0x000000000a0f0000 	/System/Library/Frameworks/ApplicationServices.framework/Versions/A/Frameworks/ATS.framework/Versions/A/Resources/libFontParser.dylib
0x000000000a0f0000 	/System/Library/Frameworks/ApplicationServices.framework/Versions/A/Frameworks/ATS.framework/Versions/A/Resources/libFontRegistry.dylib
0x000000000a0f0000 	/System/Library/Frameworks/ImageIO.framework/Versions/A/Resources/libJPEG.dylib
0x000000000a0f0000 	/System/Library/Frameworks/ImageIO.framework/Versions/A/Resources/libTIFF.dylib
0x000000000a0f0000 	/System/Library/Frameworks/ImageIO.framework/Versions/A/Resources/libPng.dylib
0x000000000a0f0000 	/System/Library/Frameworks/ImageIO.framework/Versions/A/Resources/libGIF.dylib
0x000000000a0f0000 	/System/Library/Frameworks/ImageIO.framework/Versions/A/Resources/libJP2.dylib
0x000000000a0f0000 	/System/Library/Frameworks/ImageIO.framework/Versions/A/Resources/libRadiance.dylib
0x000000000a0f0000 	/usr/lib/libcups.2.dylib
0x000000000a0f0000 	/System/Library/Frameworks/Kerberos.framework/Versions/A/Kerberos
0x000000000a0f0000 	/System/Library/Frameworks/GSS.framework/Versions/A/GSS
0x000000000a0f0000 	/usr/lib/libresolv.9.dylib
0x000000000a0f0000 	/usr/lib/libiconv.2.dylib
0x000000000a0f0000 	/System/Library/PrivateFrameworks/Heimdal.framework/Versions/A/Heimdal
0x000000000a0f0000 	/System/Library/PrivateFrameworks/TrustEvaluationAgent.framework/Versions/A/TrustEvaluationAgent
0x000000000a0f0000 	/usr/lib/libheimdal-asn1.dylib
0x000000000a0f0000 	/System/Library/Frameworks/OpenDirectory.framework/Versions/A/OpenDirectory
0x000000000a0f0000 	/System/Library/PrivateFrameworks/CommonAuth.framework/Versions/A/CommonAuth
0x000000000a0f0000 	/System/Library/Frameworks/SecurityFoundation.framework/Versions/A/SecurityFoundation
0x000000000a0f0000 	/System/Library/PrivateFrameworks/Bom.framework/Versions/A/Bom
0x000000000a0f0000 	/System/Library/Frameworks/CoreVideo.framework/Versions/A/CoreVideo
0x000000000a0f0000 	/System/Library/Frameworks/QuartzCore.framework/Versions/A/Frameworks/CoreImage.framework/Versions/A/CoreImage
0x000000000a0f0000 	/System/Library/Frameworks/QuartzCore.framework/Versions/A/Frameworks/ScalableUserInterface.framework/Versions/A/ScalableUserInterface
0x000000000a0f0000 	/System/Library/Frameworks/OpenGL.framework/Versions/A/Libraries/libGLU.dylib
0x000000000a0f0000 	/System/Library/Frameworks/OpenGL.framework/Versions/A/Libraries/libGFXShared.dylib
0x000000000a0f0000 	/System/Library/Frameworks/OpenGL.framework/Versions/A/Libraries/libGL.dylib
0x000000000a0f0000 	/System/Library/Frameworks/OpenGL.framework/Versions/A/Libraries/libGLImage.dylib
0x000000000a0f0000 	/System/Library/Frameworks/OpenGL.framework/Versions/A/Libraries/libCVMSPluginSupport.dylib
0x000000000a0f0000 	/System/Library/Frameworks/OpenGL.framework/Versions/A/Libraries/libCoreVMClient.dylib
0x000000000a0f0000 	/System/Library/PrivateFrameworks/FaceCore.framework/Versions/A/FaceCore
0x000000000a0f0000 	/System/Library/PrivateFrameworks/CrashReporterSupport.framework/Versions/A/CrashReporterSupport
0x000000000a0f0000 	/System/Library/Frameworks/OpenCL.framework/Versions/A/OpenCL
0x000000000a0f0000 	/System/Library/PrivateFrameworks/AppleFSCompression.framework/Versions/A/AppleFSCompression
0x000000000a0f0000 	/System/Library/PrivateFrameworks/Ubiquity.framework/Versions/A/Ubiquity
0x000000000a0f0000 	/System/Library/PrivateFrameworks/IconServices.framework/Versions/A/IconServices
0x000000000a0f0000 	/System/Library/PrivateFrameworks/ChunkingLibrary.framework/Versions/A/ChunkingLibrary
0x000000000a0f0000 	/System/Library/PrivateFrameworks/CoreSymbolication.framework/Versions/A/CoreSymbolication
0x000000000a0f0000 	/System/Library/PrivateFrameworks/Symbolication.framework/Versions/A/Symbolication
0x000000000a0f0000 	/System/Library/PrivateFrameworks/DebugSymbols.framework/Versions/A/DebugSymbols
0x000000010f9a3000 	/System/Library/CoreServices/Encodings/libSimplifiedChineseConverter.dylib
0x0000000110c00000 	/Library/Java/JavaVirtualMachines/jdk1.8.0_20.jdk/Contents/Home/jre/lib/server/libjvm.dylib
0x000000000a0f0000 	/usr/lib/libstdc++.6.dylib
0x000000010fb82000 	/Library/Java/JavaVirtualMachines/jdk1.8.0_20.jdk/Contents/Home/jre/lib/libverify.dylib
0x000000010fb90000 	/Library/Java/JavaVirtualMachines/jdk1.8.0_20.jdk/Contents/Home/jre/lib/libjava.dylib
0x0000000111b1b000 	/Library/Java/JavaVirtualMachines/jdk1.8.0_20.jdk/Contents/Home/jre/lib/libjdwp.dylib
0x000000010fbc5000 	/Library/Java/JavaVirtualMachines/jdk1.8.0_20.jdk/Contents/Home/jre/lib/libnpt.dylib
0x000000010fbd2000 	/Library/Java/JavaVirtualMachines/jdk1.8.0_20.jdk/Contents/Home/jre/lib/libzip.dylib
0x000000012d719000 	/System/Library/Frameworks/JavaVM.framework/Frameworks/JavaRuntimeSupport.framework/JavaRuntimeSupport
0x000000012d731000 	/System/Library/Frameworks/JavaVM.framework/Versions/A/Frameworks/JavaNativeFoundation.framework/Versions/A/JavaNativeFoundation
0x000000012d745000 	/System/Library/Frameworks/JavaVM.framework/Versions/A/JavaVM
0x000000000a0f0000 	/System/Library/Frameworks/Carbon.framework/Versions/A/Carbon
0x000000012d751000 	/System/Library/PrivateFrameworks/JavaLaunching.framework/Versions/A/JavaLaunching
0x000000000a0f0000 	/System/Library/Frameworks/Carbon.framework/Versions/A/Frameworks/CommonPanels.framework/Versions/A/CommonPanels
0x000000000a0f0000 	/System/Library/Frameworks/Carbon.framework/Versions/A/Frameworks/Help.framework/Versions/A/Help
0x000000000a0f0000 	/System/Library/Frameworks/Carbon.framework/Versions/A/Frameworks/ImageCapture.framework/Versions/A/ImageCapture
0x000000000a0f0000 	/System/Library/Frameworks/Carbon.framework/Versions/A/Frameworks/OpenScripting.framework/Versions/A/OpenScripting
0x000000000a0f0000 	/System/Library/Frameworks/Carbon.framework/Versions/A/Frameworks/Print.framework/Versions/A/Print
0x000000000a0f0000 	/System/Library/Frameworks/Carbon.framework/Versions/A/Frameworks/SecurityHI.framework/Versions/A/SecurityHI
0x000000012d965000 	/Library/Java/JavaVirtualMachines/jdk1.8.0_20.jdk/Contents/Home/jre/lib/libdt_socket.dylib
0x000000012e3ad000 	/Library/Java/JavaVirtualMachines/jdk1.8.0_20.jdk/Contents/Home/jre/lib/libnet.dylib

VM Arguments:
jvm_args: -agentlib:jdwp=transport=dt_socket,suspend=y,address=localhost:63309 -Dfile.encoding=UTF-8 
java_command: org.eclipse.jdt.internal.junit.runner.RemoteTestRunner -version 3 -port 63308 -testLoaderClass org.eclipse.jdt.internal.junit4.runner.JUnit4TestLoader -loaderpluginname org.eclipse.jdt.junit4.runtime -classNames redis.RedisTest
java_class_path (initial): /Users/ppeng/Desktop/eclipse_ws/discussion/peter/target/test-classes:/Users/ppeng/Desktop/eclipse_ws/discussion/peter/target/classes:/Applications/eclipse/plugins/org.junit_4.11.0.v201303080030/junit.jar:/Applications/eclipse/plugins/org.hamcrest.core_1.3.0.v201303031735.jar:/Users/ppeng/.m2/repository/org/springframework/boot/spring-boot-starter/1.1.9.RELEASE/spring-boot-starter-1.1.9.RELEASE.jar:/Users/ppeng/.m2/repository/org/springframework/boot/spring-boot/1.1.9.RELEASE/spring-boot-1.1.9.RELEASE.jar:/Users/ppeng/.m2/repository/org/springframework/spring-context/4.0.8.RELEASE/spring-context-4.0.8.RELEASE.jar:/Users/ppeng/.m2/repository/org/springframework/boot/spring-boot-autoconfigure/1.1.9.RELEASE/spring-boot-autoconfigure-1.1.9.RELEASE.jar:/Users/ppeng/.m2/repository/org/springframework/boot/spring-boot-starter-logging/1.1.9.RELEASE/spring-boot-starter-logging-1.1.9.RELEASE.jar:/Users/ppeng/.m2/repository/org/slf4j/jcl-over-slf4j/1.7.7/jcl-over-slf4j-1.7.7.jar:/Users/ppeng/.m2/repository/org/slf4j/jul-to-slf4j/1.7.7/jul-to-slf4j-1.7.7.jar:/Users/ppeng/.m2/repository/org/slf4j/log4j-over-slf4j/1.7.7/log4j-over-slf4j-1.7.7.jar:/Users/ppeng/.m2/repository/ch/qos/logback/logback-classic/1.1.2/logback-classic-1.1.2.jar:/Users/ppeng/.m2/repository/ch/qos/logback/logback-core/1.1.2/logback-core-1.1.2.jar:/Users/ppeng/.m2/repository/org/springframework/spring-core/4.0.8.RELEASE/spring-core-4.0.8.RELEASE.jar:/Users/ppeng/.m2/repository/org/yaml/snakeyaml/1.13/snakeyaml-1.13.jar:/Users/ppeng/.m2/repository/org/springframework/boot/spring-boot-starter-redis/1.1.9.RELEASE/spring-boot-starter-redis-1.1.9.RELEASE.jar:/Users/ppeng/.m2/repository/org/springframework/spring-context-support/4.0.8.RELEASE/spring-context-support-4.0.8.RELEASE.jar:/Users/ppeng/.m2/repository/org/springframework/spring-beans/4.0.8.RELEASE/spring-beans-4.0.8.RELEASE.jar:/Users/ppeng/.m2/repository/org/springframework/spring-tx/4.0.8.RELEASE/spring-tx-4.0.8.RELEASE.jar:/
Launcher Type: SUN_STANDARD

Environment Variables:
PATH=/usr/bin:/bin:/usr/sbin:/sbin
SHELL=/bin/bash

Signal Handlers:
SIGSEGV: [libjvm.dylib+0x578fd7], sa_mask[0]=11111111011111110111111111111111, sa_flags=SA_ONSTACK|SA_RESTART|SA_SIGINFO
SIGBUS: [libjvm.dylib+0x578fd7], sa_mask[0]=11111111011111110111111111111111, sa_flags=SA_RESTART|SA_SIGINFO
SIGFPE: [libjvm.dylib+0x45ab0c], sa_mask[0]=11111111011111110111111111111111, sa_flags=SA_RESTART|SA_SIGINFO
SIGPIPE: [libjvm.dylib+0x45ab0c], sa_mask[0]=11111111011111110111111111111111, sa_flags=SA_RESTART|SA_SIGINFO
SIGXFSZ: [libjvm.dylib+0x45ab0c], sa_mask[0]=11111111011111110111111111111111, sa_flags=SA_RESTART|SA_SIGINFO
SIGILL: [libjvm.dylib+0x45ab0c], sa_mask[0]=11111111011111110111111111111111, sa_flags=SA_RESTART|SA_SIGINFO
SIGUSR1: SIG_DFL, sa_mask[0]=00000000000000000000000000000000, sa_flags=SA_RESTART
SIGUSR2: [libjvm.dylib+0x45a62a], sa_mask[0]=00100000000000000000000000000000, sa_flags=SA_RESTART|SA_SIGINFO
SIGHUP: [libjvm.dylib+0x458bfd], sa_mask[0]=11111111011111110111111111111111, sa_flags=SA_RESTART|SA_SIGINFO
SIGINT: [libjvm.dylib+0x458bfd], sa_mask[0]=11111111011111110111111111111111, sa_flags=SA_RESTART|SA_SIGINFO
SIGTERM: [libjvm.dylib+0x458bfd], sa_mask[0]=11111111011111110111111111111111, sa_flags=SA_RESTART|SA_SIGINFO
SIGQUIT: [libjvm.dylib+0x458bfd], sa_mask[0]=11111111011111110111111111111111, sa_flags=SA_RESTART|SA_SIGINFO


---------------  S Y S T E M  ---------------

OS:Bsduname:Darwin 13.3.0 Darwin Kernel Version 13.3.0: Tue Jun  3 21:27:35 PDT 2014; root:xnu-2422.110.17~1/RELEASE_X86_64 x86_64
rlimit: STACK 8192k, CORE 0k, NPROC 709, NOFILE 10240, AS infinity
load average:2.04 2.21 2.19

CPU:total 8 (4 cores per cpu, 2 threads per core) family 6 model 70 stepping 1, cmov, cx8, fxsr, mmx, sse, sse2, sse3, ssse3, sse4.1, sse4.2, popcnt, avx, avx2, aes, clmul, erms, rtm, lzcnt, ht, tsc, tscinvbit, bmi1, bmi2

Memory: 4k page, physical 16777216k(2328804k free)

/proc/meminfo:


vm_info: Java HotSpot(TM) 64-Bit Server VM (25.20-b23) for bsd-amd64 JRE (1.8.0_20-b26), built on Jul 30 2014 13:37:47 by "java_re" with gcc 4.2.1 (Based on Apple Inc. build 5658) (LLVM build 2336.9.00)

time: Wed Nov 26 16:32:51 2014
elapsed time: 200 seconds (0d 0h 3m 20s)

